ERC report (2025-05-06T15:50:17-0700, Encoding UTF8)

***** Sheet /

***** Sheet /mega_connector/

***** Sheet /servo_interface_X/

***** Sheet /servo_interface_Y/

***** Sheet /spin_interface/
[multiple_net_names]: Both +5V_SPIN and +5V_IN are attached to the same items; +5V_SPIN will be used in the netlist
    ; warning
    @(38.10 mm, 152.40 mm): Label '+5V_SPIN'
    @(35.56 mm, 34.29 mm): Hierarchical Label '+5V_IN'

***** Sheet /servo_interface_Z/

***** Sheet /servo_interface_A/

***** Sheet /servo_interface_B/

***** Sheet /solenoid_interface/

***** Sheet /homing_interface_X/
[pin_to_pin]: Pins of type Unspecified and Passive are connected
    ; warning (excluded)
    @(67.31 mm, 64.77 mm): Symbol J9 Pin 4 [4, Unspecified, Line]
    @(92.71 mm, 64.77 mm): Symbol C39 Pin 2 [Passive, Line]
[pin_to_pin]: Pins of type Unspecified and Passive are connected
    ; warning (excluded)
    @(67.31 mm, 64.77 mm): Symbol J9 Pin 4 [4, Unspecified, Line]
    @(92.71 mm, 64.77 mm): Symbol C39 Pin 2 [Passive, Line]
[pin_to_pin]: Pins of type Unspecified and Passive are connected
    ; warning (excluded)
    @(67.31 mm, 64.77 mm): Symbol J9 Pin 4 [4, Unspecified, Line]
    @(92.71 mm, 64.77 mm): Symbol C39 Pin 2 [Passive, Line]
[pin_to_pin]: Pins of type Unspecified and Passive are connected
    ; warning (excluded)
    @(67.31 mm, 64.77 mm): Symbol J9 Pin 4 [4, Unspecified, Line]
    @(92.71 mm, 64.77 mm): Symbol C39 Pin 2 [Passive, Line]
[pin_to_pin]: Pins of type Unspecified and Passive are connected
    ; warning (excluded)
    @(67.31 mm, 64.77 mm): Symbol J9 Pin 4 [4, Unspecified, Line]
    @(92.71 mm, 64.77 mm): Symbol C39 Pin 2 [Passive, Line]
[pin_to_pin]: Pins of type Unspecified and Passive are connected
    ; warning (excluded)
    @(67.31 mm, 62.23 mm): Symbol J9 Pin 1 [1, Unspecified, Line]
    @(92.71 mm, 57.15 mm): Symbol C39 Pin 1 [Passive, Line]
[pin_to_pin]: Pins of type Unspecified and Passive are connected
    ; warning (excluded)
    @(67.31 mm, 62.23 mm): Symbol J9 Pin 1 [1, Unspecified, Line]
    @(92.71 mm, 57.15 mm): Symbol C39 Pin 1 [Passive, Line]
[pin_to_pin]: Pins of type Unspecified and Passive are connected
    ; warning (excluded)
    @(67.31 mm, 62.23 mm): Symbol J9 Pin 1 [1, Unspecified, Line]
    @(92.71 mm, 57.15 mm): Symbol C39 Pin 1 [Passive, Line]
[pin_to_pin]: Pins of type Unspecified and Passive are connected
    ; warning (excluded)
    @(67.31 mm, 62.23 mm): Symbol J9 Pin 1 [1, Unspecified, Line]
    @(92.71 mm, 57.15 mm): Symbol C39 Pin 1 [Passive, Line]
[pin_to_pin]: Pins of type Unspecified and Passive are connected
    ; warning (excluded)
    @(67.31 mm, 62.23 mm): Symbol J9 Pin 1 [1, Unspecified, Line]
    @(92.71 mm, 57.15 mm): Symbol C39 Pin 1 [Passive, Line]
[pin_to_pin]: Pins of type Unspecified and Passive are connected
    ; warning (excluded)
    @(67.31 mm, 67.31 mm): Symbol J9 Pin 3 [3, Unspecified, Line]
    @(36.83 mm, 129.54 mm): Symbol TP76 Pin 1 [1, Passive, Line]
[pin_to_pin]: Pins of type Unspecified and Passive are connected
    ; warning (excluded)
    @(67.31 mm, 67.31 mm): Symbol J9 Pin 3 [3, Unspecified, Line]
    @(36.83 mm, 129.54 mm): Symbol TP76 Pin 1 [1, Passive, Line]
[pin_to_pin]: Pins of type Unspecified and Passive are connected
    ; warning (excluded)
    @(67.31 mm, 67.31 mm): Symbol J9 Pin 3 [3, Unspecified, Line]
    @(36.83 mm, 129.54 mm): Symbol TP76 Pin 1 [1, Passive, Line]
[pin_to_pin]: Pins of type Unspecified and Passive are connected
    ; warning (excluded)
    @(67.31 mm, 67.31 mm): Symbol J9 Pin 3 [3, Unspecified, Line]
    @(36.83 mm, 129.54 mm): Symbol TP76 Pin 1 [1, Passive, Line]
[pin_to_pin]: Pins of type Unspecified and Passive are connected
    ; warning (excluded)
    @(67.31 mm, 67.31 mm): Symbol J9 Pin 3 [3, Unspecified, Line]
    @(36.83 mm, 129.54 mm): Symbol TP76 Pin 1 [1, Passive, Line]
[multiple_net_names]: Both V_Proxy and +24V_IN are attached to the same items; V_Proxy will be used in the netlist
    ; warning (excluded)
    @(36.83 mm, 114.30 mm): Label 'V_Proxy'
    @(38.10 mm, 25.40 mm): Hierarchical Label '+24V_IN'
    Yes, that was the purpose of the net tie.
[pin_to_pin]: Pins of type Unspecified and Passive are connected
    ; warning (excluded)
    @(67.31 mm, 52.07 mm): Symbol J8 Pin 3 [3, Unspecified, Line]
    @(36.83 mm, 121.92 mm): Symbol TP75 Pin 1 [1, Passive, Line]
[pin_to_pin]: Pins of type Unspecified and Passive are connected
    ; warning (excluded)
    @(67.31 mm, 52.07 mm): Symbol J8 Pin 3 [3, Unspecified, Line]
    @(36.83 mm, 121.92 mm): Symbol TP75 Pin 1 [1, Passive, Line]
[pin_to_pin]: Pins of type Unspecified and Passive are connected
    ; warning (excluded)
    @(67.31 mm, 52.07 mm): Symbol J8 Pin 3 [3, Unspecified, Line]
    @(36.83 mm, 121.92 mm): Symbol TP75 Pin 1 [1, Passive, Line]
[pin_to_pin]: Pins of type Unspecified and Passive are connected
    ; warning (excluded)
    @(67.31 mm, 52.07 mm): Symbol J8 Pin 3 [3, Unspecified, Line]
    @(36.83 mm, 121.92 mm): Symbol TP75 Pin 1 [1, Passive, Line]
[pin_to_pin]: Pins of type Unspecified and Passive are connected
    ; warning (excluded)
    @(67.31 mm, 52.07 mm): Symbol J8 Pin 3 [3, Unspecified, Line]
    @(36.83 mm, 121.92 mm): Symbol TP75 Pin 1 [1, Passive, Line]
[pin_to_pin]: Pins of type Unspecified and Passive are connected
    ; warning (excluded)
    @(67.31 mm, 49.53 mm): Symbol J8 Pin 4 [4, Unspecified, Line]
    @(92.71 mm, 49.53 mm): Symbol C38 Pin 2 [Passive, Line]
[pin_to_pin]: Pins of type Unspecified and Passive are connected
    ; warning (excluded)
    @(67.31 mm, 49.53 mm): Symbol J8 Pin 4 [4, Unspecified, Line]
    @(92.71 mm, 49.53 mm): Symbol C38 Pin 2 [Passive, Line]
[pin_to_pin]: Pins of type Unspecified and Passive are connected
    ; warning (excluded)
    @(67.31 mm, 49.53 mm): Symbol J8 Pin 4 [4, Unspecified, Line]
    @(92.71 mm, 49.53 mm): Symbol C38 Pin 2 [Passive, Line]
[pin_to_pin]: Pins of type Unspecified and Passive are connected
    ; warning (excluded)
    @(67.31 mm, 49.53 mm): Symbol J8 Pin 4 [4, Unspecified, Line]
    @(92.71 mm, 49.53 mm): Symbol C38 Pin 2 [Passive, Line]
[pin_to_pin]: Pins of type Unspecified and Passive are connected
    ; warning (excluded)
    @(67.31 mm, 49.53 mm): Symbol J8 Pin 4 [4, Unspecified, Line]
    @(92.71 mm, 49.53 mm): Symbol C38 Pin 2 [Passive, Line]
[pin_to_pin]: Pins of type Unspecified and Unspecified are connected
    ; warning (excluded)
    @(67.31 mm, 46.99 mm): Symbol J8 Pin 1 [1, Unspecified, Line]
    @(67.31 mm, 62.23 mm): Symbol J9 Pin 1 [1, Unspecified, Line]
[pin_to_pin]: Pins of type Unspecified and Unspecified are connected
    ; warning (excluded)
    @(67.31 mm, 46.99 mm): Symbol J8 Pin 1 [1, Unspecified, Line]
    @(67.31 mm, 62.23 mm): Symbol J9 Pin 1 [1, Unspecified, Line]
[pin_to_pin]: Pins of type Unspecified and Unspecified are connected
    ; warning (excluded)
    @(67.31 mm, 46.99 mm): Symbol J8 Pin 1 [1, Unspecified, Line]
    @(67.31 mm, 62.23 mm): Symbol J9 Pin 1 [1, Unspecified, Line]
[pin_to_pin]: Pins of type Unspecified and Unspecified are connected
    ; warning (excluded)
    @(67.31 mm, 46.99 mm): Symbol J8 Pin 1 [1, Unspecified, Line]
    @(67.31 mm, 62.23 mm): Symbol J9 Pin 1 [1, Unspecified, Line]
[pin_to_pin]: Pins of type Unspecified and Unspecified are connected
    ; warning (excluded)
    @(67.31 mm, 46.99 mm): Symbol J8 Pin 1 [1, Unspecified, Line]
    @(67.31 mm, 62.23 mm): Symbol J9 Pin 1 [1, Unspecified, Line]

***** Sheet /homing_interface_Y/
[pin_to_pin]: Pins of type Unspecified and Passive are connected
    ; warning (excluded)
    @(67.31 mm, 64.77 mm): Symbol J9 Pin 4 [4, Unspecified, Line]
    @(92.71 mm, 64.77 mm): Symbol C39 Pin 2 [Passive, Line]
[pin_to_pin]: Pins of type Unspecified and Passive are connected
    ; warning (excluded)
    @(67.31 mm, 64.77 mm): Symbol J9 Pin 4 [4, Unspecified, Line]
    @(92.71 mm, 64.77 mm): Symbol C39 Pin 2 [Passive, Line]
[pin_to_pin]: Pins of type Unspecified and Passive are connected
    ; warning (excluded)
    @(67.31 mm, 64.77 mm): Symbol J9 Pin 4 [4, Unspecified, Line]
    @(92.71 mm, 64.77 mm): Symbol C39 Pin 2 [Passive, Line]
[pin_to_pin]: Pins of type Unspecified and Passive are connected
    ; warning (excluded)
    @(67.31 mm, 64.77 mm): Symbol J9 Pin 4 [4, Unspecified, Line]
    @(92.71 mm, 64.77 mm): Symbol C39 Pin 2 [Passive, Line]
[pin_to_pin]: Pins of type Unspecified and Passive are connected
    ; warning (excluded)
    @(67.31 mm, 64.77 mm): Symbol J9 Pin 4 [4, Unspecified, Line]
    @(92.71 mm, 64.77 mm): Symbol C39 Pin 2 [Passive, Line]
[pin_to_pin]: Pins of type Unspecified and Passive are connected
    ; warning (excluded)
    @(67.31 mm, 62.23 mm): Symbol J9 Pin 1 [1, Unspecified, Line]
    @(92.71 mm, 57.15 mm): Symbol C39 Pin 1 [Passive, Line]
[pin_to_pin]: Pins of type Unspecified and Passive are connected
    ; warning (excluded)
    @(67.31 mm, 62.23 mm): Symbol J9 Pin 1 [1, Unspecified, Line]
    @(92.71 mm, 57.15 mm): Symbol C39 Pin 1 [Passive, Line]
[pin_to_pin]: Pins of type Unspecified and Passive are connected
    ; warning (excluded)
    @(67.31 mm, 62.23 mm): Symbol J9 Pin 1 [1, Unspecified, Line]
    @(92.71 mm, 57.15 mm): Symbol C39 Pin 1 [Passive, Line]
[pin_to_pin]: Pins of type Unspecified and Passive are connected
    ; warning (excluded)
    @(67.31 mm, 62.23 mm): Symbol J9 Pin 1 [1, Unspecified, Line]
    @(92.71 mm, 57.15 mm): Symbol C39 Pin 1 [Passive, Line]
[pin_to_pin]: Pins of type Unspecified and Passive are connected
    ; warning (excluded)
    @(67.31 mm, 62.23 mm): Symbol J9 Pin 1 [1, Unspecified, Line]
    @(92.71 mm, 57.15 mm): Symbol C39 Pin 1 [Passive, Line]
[pin_to_pin]: Pins of type Unspecified and Passive are connected
    ; warning (excluded)
    @(67.31 mm, 67.31 mm): Symbol J9 Pin 3 [3, Unspecified, Line]
    @(36.83 mm, 129.54 mm): Symbol TP76 Pin 1 [1, Passive, Line]
[pin_to_pin]: Pins of type Unspecified and Passive are connected
    ; warning (excluded)
    @(67.31 mm, 67.31 mm): Symbol J9 Pin 3 [3, Unspecified, Line]
    @(36.83 mm, 129.54 mm): Symbol TP76 Pin 1 [1, Passive, Line]
[pin_to_pin]: Pins of type Unspecified and Passive are connected
    ; warning (excluded)
    @(67.31 mm, 67.31 mm): Symbol J9 Pin 3 [3, Unspecified, Line]
    @(36.83 mm, 129.54 mm): Symbol TP76 Pin 1 [1, Passive, Line]
[pin_to_pin]: Pins of type Unspecified and Passive are connected
    ; warning (excluded)
    @(67.31 mm, 67.31 mm): Symbol J9 Pin 3 [3, Unspecified, Line]
    @(36.83 mm, 129.54 mm): Symbol TP76 Pin 1 [1, Passive, Line]
[pin_to_pin]: Pins of type Unspecified and Passive are connected
    ; warning (excluded)
    @(67.31 mm, 67.31 mm): Symbol J9 Pin 3 [3, Unspecified, Line]
    @(36.83 mm, 129.54 mm): Symbol TP76 Pin 1 [1, Passive, Line]
[multiple_net_names]: Both V_Proxy and +24V_IN are attached to the same items; V_Proxy will be used in the netlist
    ; warning (excluded)
    @(36.83 mm, 114.30 mm): Label 'V_Proxy'
    @(38.10 mm, 25.40 mm): Hierarchical Label '+24V_IN'
    Yes, that was the purpose of the net tie.
[pin_to_pin]: Pins of type Unspecified and Passive are connected
    ; warning (excluded)
    @(67.31 mm, 52.07 mm): Symbol J8 Pin 3 [3, Unspecified, Line]
    @(36.83 mm, 121.92 mm): Symbol TP75 Pin 1 [1, Passive, Line]
[pin_to_pin]: Pins of type Unspecified and Passive are connected
    ; warning (excluded)
    @(67.31 mm, 52.07 mm): Symbol J8 Pin 3 [3, Unspecified, Line]
    @(36.83 mm, 121.92 mm): Symbol TP75 Pin 1 [1, Passive, Line]
[pin_to_pin]: Pins of type Unspecified and Passive are connected
    ; warning (excluded)
    @(67.31 mm, 52.07 mm): Symbol J8 Pin 3 [3, Unspecified, Line]
    @(36.83 mm, 121.92 mm): Symbol TP75 Pin 1 [1, Passive, Line]
[pin_to_pin]: Pins of type Unspecified and Passive are connected
    ; warning (excluded)
    @(67.31 mm, 52.07 mm): Symbol J8 Pin 3 [3, Unspecified, Line]
    @(36.83 mm, 121.92 mm): Symbol TP75 Pin 1 [1, Passive, Line]
[pin_to_pin]: Pins of type Unspecified and Passive are connected
    ; warning (excluded)
    @(67.31 mm, 52.07 mm): Symbol J8 Pin 3 [3, Unspecified, Line]
    @(36.83 mm, 121.92 mm): Symbol TP75 Pin 1 [1, Passive, Line]
[pin_to_pin]: Pins of type Unspecified and Passive are connected
    ; warning (excluded)
    @(67.31 mm, 49.53 mm): Symbol J8 Pin 4 [4, Unspecified, Line]
    @(92.71 mm, 49.53 mm): Symbol C38 Pin 2 [Passive, Line]
[pin_to_pin]: Pins of type Unspecified and Passive are connected
    ; warning (excluded)
    @(67.31 mm, 49.53 mm): Symbol J8 Pin 4 [4, Unspecified, Line]
    @(92.71 mm, 49.53 mm): Symbol C38 Pin 2 [Passive, Line]
[pin_to_pin]: Pins of type Unspecified and Passive are connected
    ; warning (excluded)
    @(67.31 mm, 49.53 mm): Symbol J8 Pin 4 [4, Unspecified, Line]
    @(92.71 mm, 49.53 mm): Symbol C38 Pin 2 [Passive, Line]
[pin_to_pin]: Pins of type Unspecified and Passive are connected
    ; warning (excluded)
    @(67.31 mm, 49.53 mm): Symbol J8 Pin 4 [4, Unspecified, Line]
    @(92.71 mm, 49.53 mm): Symbol C38 Pin 2 [Passive, Line]
[pin_to_pin]: Pins of type Unspecified and Passive are connected
    ; warning (excluded)
    @(67.31 mm, 49.53 mm): Symbol J8 Pin 4 [4, Unspecified, Line]
    @(92.71 mm, 49.53 mm): Symbol C38 Pin 2 [Passive, Line]
[pin_to_pin]: Pins of type Unspecified and Unspecified are connected
    ; warning (excluded)
    @(67.31 mm, 46.99 mm): Symbol J8 Pin 1 [1, Unspecified, Line]
    @(67.31 mm, 62.23 mm): Symbol J9 Pin 1 [1, Unspecified, Line]
[pin_to_pin]: Pins of type Unspecified and Unspecified are connected
    ; warning (excluded)
    @(67.31 mm, 46.99 mm): Symbol J8 Pin 1 [1, Unspecified, Line]
    @(67.31 mm, 62.23 mm): Symbol J9 Pin 1 [1, Unspecified, Line]
[pin_to_pin]: Pins of type Unspecified and Unspecified are connected
    ; warning (excluded)
    @(67.31 mm, 46.99 mm): Symbol J8 Pin 1 [1, Unspecified, Line]
    @(67.31 mm, 62.23 mm): Symbol J9 Pin 1 [1, Unspecified, Line]
[pin_to_pin]: Pins of type Unspecified and Unspecified are connected
    ; warning (excluded)
    @(67.31 mm, 46.99 mm): Symbol J8 Pin 1 [1, Unspecified, Line]
    @(67.31 mm, 62.23 mm): Symbol J9 Pin 1 [1, Unspecified, Line]
[pin_to_pin]: Pins of type Unspecified and Unspecified are connected
    ; warning (excluded)
    @(67.31 mm, 46.99 mm): Symbol J8 Pin 1 [1, Unspecified, Line]
    @(67.31 mm, 62.23 mm): Symbol J9 Pin 1 [1, Unspecified, Line]

***** Sheet /homing_interface_Z/
[pin_to_pin]: Pins of type Unspecified and Passive are connected
    ; warning (excluded)
    @(67.31 mm, 64.77 mm): Symbol J9 Pin 4 [4, Unspecified, Line]
    @(92.71 mm, 64.77 mm): Symbol C39 Pin 2 [Passive, Line]
[pin_to_pin]: Pins of type Unspecified and Passive are connected
    ; warning (excluded)
    @(67.31 mm, 64.77 mm): Symbol J9 Pin 4 [4, Unspecified, Line]
    @(92.71 mm, 64.77 mm): Symbol C39 Pin 2 [Passive, Line]
[pin_to_pin]: Pins of type Unspecified and Passive are connected
    ; warning (excluded)
    @(67.31 mm, 64.77 mm): Symbol J9 Pin 4 [4, Unspecified, Line]
    @(92.71 mm, 64.77 mm): Symbol C39 Pin 2 [Passive, Line]
[pin_to_pin]: Pins of type Unspecified and Passive are connected
    ; warning (excluded)
    @(67.31 mm, 64.77 mm): Symbol J9 Pin 4 [4, Unspecified, Line]
    @(92.71 mm, 64.77 mm): Symbol C39 Pin 2 [Passive, Line]
[pin_to_pin]: Pins of type Unspecified and Passive are connected
    ; warning (excluded)
    @(67.31 mm, 64.77 mm): Symbol J9 Pin 4 [4, Unspecified, Line]
    @(92.71 mm, 64.77 mm): Symbol C39 Pin 2 [Passive, Line]
[pin_to_pin]: Pins of type Unspecified and Passive are connected
    ; warning (excluded)
    @(67.31 mm, 62.23 mm): Symbol J9 Pin 1 [1, Unspecified, Line]
    @(92.71 mm, 57.15 mm): Symbol C39 Pin 1 [Passive, Line]
[pin_to_pin]: Pins of type Unspecified and Passive are connected
    ; warning (excluded)
    @(67.31 mm, 62.23 mm): Symbol J9 Pin 1 [1, Unspecified, Line]
    @(92.71 mm, 57.15 mm): Symbol C39 Pin 1 [Passive, Line]
[pin_to_pin]: Pins of type Unspecified and Passive are connected
    ; warning (excluded)
    @(67.31 mm, 62.23 mm): Symbol J9 Pin 1 [1, Unspecified, Line]
    @(92.71 mm, 57.15 mm): Symbol C39 Pin 1 [Passive, Line]
[pin_to_pin]: Pins of type Unspecified and Passive are connected
    ; warning (excluded)
    @(67.31 mm, 62.23 mm): Symbol J9 Pin 1 [1, Unspecified, Line]
    @(92.71 mm, 57.15 mm): Symbol C39 Pin 1 [Passive, Line]
[pin_to_pin]: Pins of type Unspecified and Passive are connected
    ; warning (excluded)
    @(67.31 mm, 62.23 mm): Symbol J9 Pin 1 [1, Unspecified, Line]
    @(92.71 mm, 57.15 mm): Symbol C39 Pin 1 [Passive, Line]
[pin_to_pin]: Pins of type Unspecified and Passive are connected
    ; warning (excluded)
    @(67.31 mm, 67.31 mm): Symbol J9 Pin 3 [3, Unspecified, Line]
    @(36.83 mm, 129.54 mm): Symbol TP76 Pin 1 [1, Passive, Line]
[pin_to_pin]: Pins of type Unspecified and Passive are connected
    ; warning (excluded)
    @(67.31 mm, 67.31 mm): Symbol J9 Pin 3 [3, Unspecified, Line]
    @(36.83 mm, 129.54 mm): Symbol TP76 Pin 1 [1, Passive, Line]
[pin_to_pin]: Pins of type Unspecified and Passive are connected
    ; warning (excluded)
    @(67.31 mm, 67.31 mm): Symbol J9 Pin 3 [3, Unspecified, Line]
    @(36.83 mm, 129.54 mm): Symbol TP76 Pin 1 [1, Passive, Line]
[pin_to_pin]: Pins of type Unspecified and Passive are connected
    ; warning (excluded)
    @(67.31 mm, 67.31 mm): Symbol J9 Pin 3 [3, Unspecified, Line]
    @(36.83 mm, 129.54 mm): Symbol TP76 Pin 1 [1, Passive, Line]
[pin_to_pin]: Pins of type Unspecified and Passive are connected
    ; warning (excluded)
    @(67.31 mm, 67.31 mm): Symbol J9 Pin 3 [3, Unspecified, Line]
    @(36.83 mm, 129.54 mm): Symbol TP76 Pin 1 [1, Passive, Line]
[multiple_net_names]: Both V_Proxy and +24V_IN are attached to the same items; V_Proxy will be used in the netlist
    ; warning (excluded)
    @(36.83 mm, 114.30 mm): Label 'V_Proxy'
    @(38.10 mm, 25.40 mm): Hierarchical Label '+24V_IN'
    Yes, that was the purpose of the net tie.
[pin_to_pin]: Pins of type Unspecified and Passive are connected
    ; warning (excluded)
    @(67.31 mm, 52.07 mm): Symbol J8 Pin 3 [3, Unspecified, Line]
    @(36.83 mm, 121.92 mm): Symbol TP75 Pin 1 [1, Passive, Line]
[pin_to_pin]: Pins of type Unspecified and Passive are connected
    ; warning (excluded)
    @(67.31 mm, 52.07 mm): Symbol J8 Pin 3 [3, Unspecified, Line]
    @(36.83 mm, 121.92 mm): Symbol TP75 Pin 1 [1, Passive, Line]
[pin_to_pin]: Pins of type Unspecified and Passive are connected
    ; warning (excluded)
    @(67.31 mm, 52.07 mm): Symbol J8 Pin 3 [3, Unspecified, Line]
    @(36.83 mm, 121.92 mm): Symbol TP75 Pin 1 [1, Passive, Line]
[pin_to_pin]: Pins of type Unspecified and Passive are connected
    ; warning (excluded)
    @(67.31 mm, 52.07 mm): Symbol J8 Pin 3 [3, Unspecified, Line]
    @(36.83 mm, 121.92 mm): Symbol TP75 Pin 1 [1, Passive, Line]
[pin_to_pin]: Pins of type Unspecified and Passive are connected
    ; warning (excluded)
    @(67.31 mm, 52.07 mm): Symbol J8 Pin 3 [3, Unspecified, Line]
    @(36.83 mm, 121.92 mm): Symbol TP75 Pin 1 [1, Passive, Line]
[pin_to_pin]: Pins of type Unspecified and Passive are connected
    ; warning (excluded)
    @(67.31 mm, 49.53 mm): Symbol J8 Pin 4 [4, Unspecified, Line]
    @(92.71 mm, 49.53 mm): Symbol C38 Pin 2 [Passive, Line]
[pin_to_pin]: Pins of type Unspecified and Passive are connected
    ; warning (excluded)
    @(67.31 mm, 49.53 mm): Symbol J8 Pin 4 [4, Unspecified, Line]
    @(92.71 mm, 49.53 mm): Symbol C38 Pin 2 [Passive, Line]
[pin_to_pin]: Pins of type Unspecified and Passive are connected
    ; warning (excluded)
    @(67.31 mm, 49.53 mm): Symbol J8 Pin 4 [4, Unspecified, Line]
    @(92.71 mm, 49.53 mm): Symbol C38 Pin 2 [Passive, Line]
[pin_to_pin]: Pins of type Unspecified and Passive are connected
    ; warning (excluded)
    @(67.31 mm, 49.53 mm): Symbol J8 Pin 4 [4, Unspecified, Line]
    @(92.71 mm, 49.53 mm): Symbol C38 Pin 2 [Passive, Line]
[pin_to_pin]: Pins of type Unspecified and Passive are connected
    ; warning (excluded)
    @(67.31 mm, 49.53 mm): Symbol J8 Pin 4 [4, Unspecified, Line]
    @(92.71 mm, 49.53 mm): Symbol C38 Pin 2 [Passive, Line]
[pin_to_pin]: Pins of type Unspecified and Unspecified are connected
    ; warning (excluded)
    @(67.31 mm, 46.99 mm): Symbol J8 Pin 1 [1, Unspecified, Line]
    @(67.31 mm, 62.23 mm): Symbol J9 Pin 1 [1, Unspecified, Line]
[pin_to_pin]: Pins of type Unspecified and Unspecified are connected
    ; warning (excluded)
    @(67.31 mm, 46.99 mm): Symbol J8 Pin 1 [1, Unspecified, Line]
    @(67.31 mm, 62.23 mm): Symbol J9 Pin 1 [1, Unspecified, Line]
[pin_to_pin]: Pins of type Unspecified and Unspecified are connected
    ; warning (excluded)
    @(67.31 mm, 46.99 mm): Symbol J8 Pin 1 [1, Unspecified, Line]
    @(67.31 mm, 62.23 mm): Symbol J9 Pin 1 [1, Unspecified, Line]
[pin_to_pin]: Pins of type Unspecified and Unspecified are connected
    ; warning (excluded)
    @(67.31 mm, 46.99 mm): Symbol J8 Pin 1 [1, Unspecified, Line]
    @(67.31 mm, 62.23 mm): Symbol J9 Pin 1 [1, Unspecified, Line]
[pin_to_pin]: Pins of type Unspecified and Unspecified are connected
    ; warning (excluded)
    @(67.31 mm, 46.99 mm): Symbol J8 Pin 1 [1, Unspecified, Line]
    @(67.31 mm, 62.23 mm): Symbol J9 Pin 1 [1, Unspecified, Line]

***** Sheet /power_interface/

***** Sheet /homing_interface_A/
[pin_to_pin]: Pins of type Unspecified and Passive are connected
    ; warning (excluded)
    @(67.31 mm, 64.77 mm): Symbol J9 Pin 4 [4, Unspecified, Line]
    @(92.71 mm, 64.77 mm): Symbol C39 Pin 2 [Passive, Line]
[pin_to_pin]: Pins of type Unspecified and Passive are connected
    ; warning (excluded)
    @(67.31 mm, 64.77 mm): Symbol J9 Pin 4 [4, Unspecified, Line]
    @(92.71 mm, 64.77 mm): Symbol C39 Pin 2 [Passive, Line]
[pin_to_pin]: Pins of type Unspecified and Passive are connected
    ; warning (excluded)
    @(67.31 mm, 64.77 mm): Symbol J9 Pin 4 [4, Unspecified, Line]
    @(92.71 mm, 64.77 mm): Symbol C39 Pin 2 [Passive, Line]
[pin_to_pin]: Pins of type Unspecified and Passive are connected
    ; warning (excluded)
    @(67.31 mm, 64.77 mm): Symbol J9 Pin 4 [4, Unspecified, Line]
    @(92.71 mm, 64.77 mm): Symbol C39 Pin 2 [Passive, Line]
[pin_to_pin]: Pins of type Unspecified and Passive are connected
    ; warning (excluded)
    @(67.31 mm, 64.77 mm): Symbol J9 Pin 4 [4, Unspecified, Line]
    @(92.71 mm, 64.77 mm): Symbol C39 Pin 2 [Passive, Line]
[pin_to_pin]: Pins of type Unspecified and Passive are connected
    ; warning (excluded)
    @(67.31 mm, 62.23 mm): Symbol J9 Pin 1 [1, Unspecified, Line]
    @(92.71 mm, 57.15 mm): Symbol C39 Pin 1 [Passive, Line]
[pin_to_pin]: Pins of type Unspecified and Passive are connected
    ; warning (excluded)
    @(67.31 mm, 62.23 mm): Symbol J9 Pin 1 [1, Unspecified, Line]
    @(92.71 mm, 57.15 mm): Symbol C39 Pin 1 [Passive, Line]
[pin_to_pin]: Pins of type Unspecified and Passive are connected
    ; warning (excluded)
    @(67.31 mm, 62.23 mm): Symbol J9 Pin 1 [1, Unspecified, Line]
    @(92.71 mm, 57.15 mm): Symbol C39 Pin 1 [Passive, Line]
[pin_to_pin]: Pins of type Unspecified and Passive are connected
    ; warning (excluded)
    @(67.31 mm, 62.23 mm): Symbol J9 Pin 1 [1, Unspecified, Line]
    @(92.71 mm, 57.15 mm): Symbol C39 Pin 1 [Passive, Line]
[pin_to_pin]: Pins of type Unspecified and Passive are connected
    ; warning (excluded)
    @(67.31 mm, 62.23 mm): Symbol J9 Pin 1 [1, Unspecified, Line]
    @(92.71 mm, 57.15 mm): Symbol C39 Pin 1 [Passive, Line]
[pin_to_pin]: Pins of type Unspecified and Passive are connected
    ; warning (excluded)
    @(67.31 mm, 67.31 mm): Symbol J9 Pin 3 [3, Unspecified, Line]
    @(36.83 mm, 129.54 mm): Symbol TP76 Pin 1 [1, Passive, Line]
[pin_to_pin]: Pins of type Unspecified and Passive are connected
    ; warning (excluded)
    @(67.31 mm, 67.31 mm): Symbol J9 Pin 3 [3, Unspecified, Line]
    @(36.83 mm, 129.54 mm): Symbol TP76 Pin 1 [1, Passive, Line]
[pin_to_pin]: Pins of type Unspecified and Passive are connected
    ; warning (excluded)
    @(67.31 mm, 67.31 mm): Symbol J9 Pin 3 [3, Unspecified, Line]
    @(36.83 mm, 129.54 mm): Symbol TP76 Pin 1 [1, Passive, Line]
[pin_to_pin]: Pins of type Unspecified and Passive are connected
    ; warning (excluded)
    @(67.31 mm, 67.31 mm): Symbol J9 Pin 3 [3, Unspecified, Line]
    @(36.83 mm, 129.54 mm): Symbol TP76 Pin 1 [1, Passive, Line]
[pin_to_pin]: Pins of type Unspecified and Passive are connected
    ; warning (excluded)
    @(67.31 mm, 67.31 mm): Symbol J9 Pin 3 [3, Unspecified, Line]
    @(36.83 mm, 129.54 mm): Symbol TP76 Pin 1 [1, Passive, Line]
[multiple_net_names]: Both V_Proxy and +24V_IN are attached to the same items; V_Proxy will be used in the netlist
    ; warning (excluded)
    @(36.83 mm, 114.30 mm): Label 'V_Proxy'
    @(38.10 mm, 25.40 mm): Hierarchical Label '+24V_IN'
    Yes, that was the purpose of the net tie.
[pin_to_pin]: Pins of type Unspecified and Passive are connected
    ; warning (excluded)
    @(67.31 mm, 52.07 mm): Symbol J8 Pin 3 [3, Unspecified, Line]
    @(36.83 mm, 121.92 mm): Symbol TP75 Pin 1 [1, Passive, Line]
[pin_to_pin]: Pins of type Unspecified and Passive are connected
    ; warning (excluded)
    @(67.31 mm, 52.07 mm): Symbol J8 Pin 3 [3, Unspecified, Line]
    @(36.83 mm, 121.92 mm): Symbol TP75 Pin 1 [1, Passive, Line]
[pin_to_pin]: Pins of type Unspecified and Passive are connected
    ; warning (excluded)
    @(67.31 mm, 52.07 mm): Symbol J8 Pin 3 [3, Unspecified, Line]
    @(36.83 mm, 121.92 mm): Symbol TP75 Pin 1 [1, Passive, Line]
[pin_to_pin]: Pins of type Unspecified and Passive are connected
    ; warning (excluded)
    @(67.31 mm, 52.07 mm): Symbol J8 Pin 3 [3, Unspecified, Line]
    @(36.83 mm, 121.92 mm): Symbol TP75 Pin 1 [1, Passive, Line]
[pin_to_pin]: Pins of type Unspecified and Passive are connected
    ; warning (excluded)
    @(67.31 mm, 52.07 mm): Symbol J8 Pin 3 [3, Unspecified, Line]
    @(36.83 mm, 121.92 mm): Symbol TP75 Pin 1 [1, Passive, Line]
[pin_to_pin]: Pins of type Unspecified and Passive are connected
    ; warning (excluded)
    @(67.31 mm, 49.53 mm): Symbol J8 Pin 4 [4, Unspecified, Line]
    @(92.71 mm, 49.53 mm): Symbol C38 Pin 2 [Passive, Line]
[pin_to_pin]: Pins of type Unspecified and Passive are connected
    ; warning (excluded)
    @(67.31 mm, 49.53 mm): Symbol J8 Pin 4 [4, Unspecified, Line]
    @(92.71 mm, 49.53 mm): Symbol C38 Pin 2 [Passive, Line]
[pin_to_pin]: Pins of type Unspecified and Passive are connected
    ; warning (excluded)
    @(67.31 mm, 49.53 mm): Symbol J8 Pin 4 [4, Unspecified, Line]
    @(92.71 mm, 49.53 mm): Symbol C38 Pin 2 [Passive, Line]
[pin_to_pin]: Pins of type Unspecified and Passive are connected
    ; warning (excluded)
    @(67.31 mm, 49.53 mm): Symbol J8 Pin 4 [4, Unspecified, Line]
    @(92.71 mm, 49.53 mm): Symbol C38 Pin 2 [Passive, Line]
[pin_to_pin]: Pins of type Unspecified and Passive are connected
    ; warning (excluded)
    @(67.31 mm, 49.53 mm): Symbol J8 Pin 4 [4, Unspecified, Line]
    @(92.71 mm, 49.53 mm): Symbol C38 Pin 2 [Passive, Line]
[pin_to_pin]: Pins of type Unspecified and Unspecified are connected
    ; warning (excluded)
    @(67.31 mm, 46.99 mm): Symbol J8 Pin 1 [1, Unspecified, Line]
    @(67.31 mm, 62.23 mm): Symbol J9 Pin 1 [1, Unspecified, Line]
[pin_to_pin]: Pins of type Unspecified and Unspecified are connected
    ; warning (excluded)
    @(67.31 mm, 46.99 mm): Symbol J8 Pin 1 [1, Unspecified, Line]
    @(67.31 mm, 62.23 mm): Symbol J9 Pin 1 [1, Unspecified, Line]
[pin_to_pin]: Pins of type Unspecified and Unspecified are connected
    ; warning (excluded)
    @(67.31 mm, 46.99 mm): Symbol J8 Pin 1 [1, Unspecified, Line]
    @(67.31 mm, 62.23 mm): Symbol J9 Pin 1 [1, Unspecified, Line]
[pin_to_pin]: Pins of type Unspecified and Unspecified are connected
    ; warning (excluded)
    @(67.31 mm, 46.99 mm): Symbol J8 Pin 1 [1, Unspecified, Line]
    @(67.31 mm, 62.23 mm): Symbol J9 Pin 1 [1, Unspecified, Line]
[pin_to_pin]: Pins of type Unspecified and Unspecified are connected
    ; warning (excluded)
    @(67.31 mm, 46.99 mm): Symbol J8 Pin 1 [1, Unspecified, Line]
    @(67.31 mm, 62.23 mm): Symbol J9 Pin 1 [1, Unspecified, Line]

***** Sheet /local_solenoid_drivers/

***** Sheet /homing_interface_B/
[pin_to_pin]: Pins of type Unspecified and Passive are connected
    ; warning (excluded)
    @(67.31 mm, 64.77 mm): Symbol J9 Pin 4 [4, Unspecified, Line]
    @(92.71 mm, 64.77 mm): Symbol C39 Pin 2 [Passive, Line]
[pin_to_pin]: Pins of type Unspecified and Passive are connected
    ; warning (excluded)
    @(67.31 mm, 64.77 mm): Symbol J9 Pin 4 [4, Unspecified, Line]
    @(92.71 mm, 64.77 mm): Symbol C39 Pin 2 [Passive, Line]
[pin_to_pin]: Pins of type Unspecified and Passive are connected
    ; warning (excluded)
    @(67.31 mm, 64.77 mm): Symbol J9 Pin 4 [4, Unspecified, Line]
    @(92.71 mm, 64.77 mm): Symbol C39 Pin 2 [Passive, Line]
[pin_to_pin]: Pins of type Unspecified and Passive are connected
    ; warning (excluded)
    @(67.31 mm, 64.77 mm): Symbol J9 Pin 4 [4, Unspecified, Line]
    @(92.71 mm, 64.77 mm): Symbol C39 Pin 2 [Passive, Line]
[pin_to_pin]: Pins of type Unspecified and Passive are connected
    ; warning (excluded)
    @(67.31 mm, 64.77 mm): Symbol J9 Pin 4 [4, Unspecified, Line]
    @(92.71 mm, 64.77 mm): Symbol C39 Pin 2 [Passive, Line]
[pin_to_pin]: Pins of type Unspecified and Passive are connected
    ; warning (excluded)
    @(67.31 mm, 62.23 mm): Symbol J9 Pin 1 [1, Unspecified, Line]
    @(92.71 mm, 57.15 mm): Symbol C39 Pin 1 [Passive, Line]
[pin_to_pin]: Pins of type Unspecified and Passive are connected
    ; warning (excluded)
    @(67.31 mm, 62.23 mm): Symbol J9 Pin 1 [1, Unspecified, Line]
    @(92.71 mm, 57.15 mm): Symbol C39 Pin 1 [Passive, Line]
[pin_to_pin]: Pins of type Unspecified and Passive are connected
    ; warning (excluded)
    @(67.31 mm, 62.23 mm): Symbol J9 Pin 1 [1, Unspecified, Line]
    @(92.71 mm, 57.15 mm): Symbol C39 Pin 1 [Passive, Line]
[pin_to_pin]: Pins of type Unspecified and Passive are connected
    ; warning (excluded)
    @(67.31 mm, 62.23 mm): Symbol J9 Pin 1 [1, Unspecified, Line]
    @(92.71 mm, 57.15 mm): Symbol C39 Pin 1 [Passive, Line]
[pin_to_pin]: Pins of type Unspecified and Passive are connected
    ; warning (excluded)
    @(67.31 mm, 62.23 mm): Symbol J9 Pin 1 [1, Unspecified, Line]
    @(92.71 mm, 57.15 mm): Symbol C39 Pin 1 [Passive, Line]
[pin_to_pin]: Pins of type Unspecified and Passive are connected
    ; warning (excluded)
    @(67.31 mm, 67.31 mm): Symbol J9 Pin 3 [3, Unspecified, Line]
    @(36.83 mm, 129.54 mm): Symbol TP76 Pin 1 [1, Passive, Line]
[pin_to_pin]: Pins of type Unspecified and Passive are connected
    ; warning (excluded)
    @(67.31 mm, 67.31 mm): Symbol J9 Pin 3 [3, Unspecified, Line]
    @(36.83 mm, 129.54 mm): Symbol TP76 Pin 1 [1, Passive, Line]
[pin_to_pin]: Pins of type Unspecified and Passive are connected
    ; warning (excluded)
    @(67.31 mm, 67.31 mm): Symbol J9 Pin 3 [3, Unspecified, Line]
    @(36.83 mm, 129.54 mm): Symbol TP76 Pin 1 [1, Passive, Line]
[pin_to_pin]: Pins of type Unspecified and Passive are connected
    ; warning (excluded)
    @(67.31 mm, 67.31 mm): Symbol J9 Pin 3 [3, Unspecified, Line]
    @(36.83 mm, 129.54 mm): Symbol TP76 Pin 1 [1, Passive, Line]
[pin_to_pin]: Pins of type Unspecified and Passive are connected
    ; warning (excluded)
    @(67.31 mm, 67.31 mm): Symbol J9 Pin 3 [3, Unspecified, Line]
    @(36.83 mm, 129.54 mm): Symbol TP76 Pin 1 [1, Passive, Line]
[multiple_net_names]: Both V_Proxy and +24V_IN are attached to the same items; V_Proxy will be used in the netlist
    ; warning (excluded)
    @(36.83 mm, 114.30 mm): Label 'V_Proxy'
    @(38.10 mm, 25.40 mm): Hierarchical Label '+24V_IN'
    Yes, that was the purpose of the net tie.
[pin_to_pin]: Pins of type Unspecified and Passive are connected
    ; warning (excluded)
    @(67.31 mm, 52.07 mm): Symbol J8 Pin 3 [3, Unspecified, Line]
    @(36.83 mm, 121.92 mm): Symbol TP75 Pin 1 [1, Passive, Line]
[pin_to_pin]: Pins of type Unspecified and Passive are connected
    ; warning (excluded)
    @(67.31 mm, 52.07 mm): Symbol J8 Pin 3 [3, Unspecified, Line]
    @(36.83 mm, 121.92 mm): Symbol TP75 Pin 1 [1, Passive, Line]
[pin_to_pin]: Pins of type Unspecified and Passive are connected
    ; warning (excluded)
    @(67.31 mm, 52.07 mm): Symbol J8 Pin 3 [3, Unspecified, Line]
    @(36.83 mm, 121.92 mm): Symbol TP75 Pin 1 [1, Passive, Line]
[pin_to_pin]: Pins of type Unspecified and Passive are connected
    ; warning (excluded)
    @(67.31 mm, 52.07 mm): Symbol J8 Pin 3 [3, Unspecified, Line]
    @(36.83 mm, 121.92 mm): Symbol TP75 Pin 1 [1, Passive, Line]
[pin_to_pin]: Pins of type Unspecified and Passive are connected
    ; warning (excluded)
    @(67.31 mm, 52.07 mm): Symbol J8 Pin 3 [3, Unspecified, Line]
    @(36.83 mm, 121.92 mm): Symbol TP75 Pin 1 [1, Passive, Line]
[pin_to_pin]: Pins of type Unspecified and Passive are connected
    ; warning (excluded)
    @(67.31 mm, 49.53 mm): Symbol J8 Pin 4 [4, Unspecified, Line]
    @(92.71 mm, 49.53 mm): Symbol C38 Pin 2 [Passive, Line]
[pin_to_pin]: Pins of type Unspecified and Passive are connected
    ; warning (excluded)
    @(67.31 mm, 49.53 mm): Symbol J8 Pin 4 [4, Unspecified, Line]
    @(92.71 mm, 49.53 mm): Symbol C38 Pin 2 [Passive, Line]
[pin_to_pin]: Pins of type Unspecified and Passive are connected
    ; warning (excluded)
    @(67.31 mm, 49.53 mm): Symbol J8 Pin 4 [4, Unspecified, Line]
    @(92.71 mm, 49.53 mm): Symbol C38 Pin 2 [Passive, Line]
[pin_to_pin]: Pins of type Unspecified and Passive are connected
    ; warning (excluded)
    @(67.31 mm, 49.53 mm): Symbol J8 Pin 4 [4, Unspecified, Line]
    @(92.71 mm, 49.53 mm): Symbol C38 Pin 2 [Passive, Line]
[pin_to_pin]: Pins of type Unspecified and Passive are connected
    ; warning (excluded)
    @(67.31 mm, 49.53 mm): Symbol J8 Pin 4 [4, Unspecified, Line]
    @(92.71 mm, 49.53 mm): Symbol C38 Pin 2 [Passive, Line]
[pin_to_pin]: Pins of type Unspecified and Unspecified are connected
    ; warning (excluded)
    @(67.31 mm, 46.99 mm): Symbol J8 Pin 1 [1, Unspecified, Line]
    @(67.31 mm, 62.23 mm): Symbol J9 Pin 1 [1, Unspecified, Line]
[pin_to_pin]: Pins of type Unspecified and Unspecified are connected
    ; warning (excluded)
    @(67.31 mm, 46.99 mm): Symbol J8 Pin 1 [1, Unspecified, Line]
    @(67.31 mm, 62.23 mm): Symbol J9 Pin 1 [1, Unspecified, Line]
[pin_to_pin]: Pins of type Unspecified and Unspecified are connected
    ; warning (excluded)
    @(67.31 mm, 46.99 mm): Symbol J8 Pin 1 [1, Unspecified, Line]
    @(67.31 mm, 62.23 mm): Symbol J9 Pin 1 [1, Unspecified, Line]
[pin_to_pin]: Pins of type Unspecified and Unspecified are connected
    ; warning (excluded)
    @(67.31 mm, 46.99 mm): Symbol J8 Pin 1 [1, Unspecified, Line]
    @(67.31 mm, 62.23 mm): Symbol J9 Pin 1 [1, Unspecified, Line]
[pin_to_pin]: Pins of type Unspecified and Unspecified are connected
    ; warning (excluded)
    @(67.31 mm, 46.99 mm): Symbol J8 Pin 1 [1, Unspecified, Line]
    @(67.31 mm, 62.23 mm): Symbol J9 Pin 1 [1, Unspecified, Line]

***** Sheet /probe_interface/
[pin_to_pin]: Pins of type Unspecified and Passive are connected
    ; warning (excluded)
    @(67.31 mm, 59.69 mm): Symbol J22 Pin 3 [3, Unspecified, Line]
    @(36.83 mm, 115.57 mm): Symbol TP100 Pin 1 [1, Passive, Line]
    Passive and unspecified term is incorrect.
[pin_to_pin]: Pins of type Unspecified and Passive are connected
    ; warning (excluded)
    @(67.31 mm, 54.61 mm): Symbol J22 Pin 1 [1, Unspecified, Line]
    @(53.34 mm, 33.02 mm): Symbol NT1 Pin 2 [2, Passive, Line]
    Passive and unspecified term is incorrect.
[pin_to_pin]: Pins of type Unspecified and Passive are connected
    ; warning (excluded)
    @(67.31 mm, 57.15 mm): Symbol J22 Pin 4 [4, Unspecified, Line]
    @(92.71 mm, 57.15 mm): Symbol C58 Pin 2 [Passive, Line]
    Passive and unspecified term is incorrect.
[pin_to_pin]: Conflict problem between pins
    ; warning (excluded)
    @(67.31 mm, 54.61 mm): Symbol J22 Pin 1 [1, Unspecified, Line]
    @(92.71 mm, 49.53 mm): Symbol C58 Pin 1 [Passive, Line]
    Passive and unspecified term is incorrect.

***** Sheet /digital_gpo/

***** Sheet /digital_gpi/

 ** ERC messages: 160  Errors 0  Warnings 160
