05-08 13:45:46 com_github_MitjaNemec_ReplicateLayout.action_replicate_layout 409:Plugin executed on: 'linux'
05-08 13:45:46 com_github_MitjaNemec_ReplicateLayout.action_replicate_layout 410:Plugin executed with python version: '3.12.9 (main, Nov 10 2011, 15:00:00) [GCC 14.2.0]'
05-08 13:45:46 com_github_MitjaNemec_ReplicateLayout.action_replicate_layout 411:KiCad build version: 9.0.0
05-08 13:45:46 com_github_MitjaNemec_ReplicateLayout.action_replicate_layout 412:Plugin version: 4.0.2
05-08 13:45:46 com_github_MitjaNemec_ReplicateLayout.action_replicate_layout 413:Frame repr: <wx._core.Frame object at 0x7c6da17849e0>
05-08 13:45:46 com_github_MitjaNemec_ReplicateLayout.action_replicate_layout 437:Preparing replicator with J8 as a reference
05-08 13:45:46 com_github_MitjaNemec_ReplicateLayout.replicate_layout 117:getting a list of all footprints on board
05-08 13:45:46 com_github_MitjaNemec_ReplicateLayout.action_replicate_layout 485:source anchor footprint is 'J8'
Located on: ['/homing_interface_X/']
With filenames: ['homing_interface_.kicad_sch']
With sheet_id:['/homing_interface_X/']
05-08 13:45:46 com_github_MitjaNemec_ReplicateLayout.action_replicate_layout 492:Corresponding footprints are 
[('J12', ['/homing_interface_Z/']), ('J20', ['/homing_interface_B/']), ('J8', ['/homing_interface_X/']), ('J10', ['/homing_interface_Y/']), ('J16', ['/homing_interface_A/'])]
05-08 13:45:46 com_github_MitjaNemec_ReplicateLayout.action_replicate_layout 504:Showing dialog
05-08 13:45:46 com_github_MitjaNemec_ReplicateLayout.replicate_layout 472:constructing a list of sheets suitable for replication on level:'/homing_interface_X/', file:'homing_interface_.kicad_sch'
05-08 13:45:46 com_github_MitjaNemec_ReplicateLayout.replicate_layout 509:suitable sheets are:[['/homing_interface_A/'], ['/homing_interface_B/'], ['/homing_interface_Y/'], ['/homing_interface_Z/']]
05-08 13:45:46 com_github_MitjaNemec_ReplicateLayout.replicate_layout 1507:Level selected: ['/homing_interface_X/']
05-08 13:45:46 com_github_MitjaNemec_ReplicateLayout.replicate_layout 1331:Filtering list of tracks
05-08 13:45:47 com_github_MitjaNemec_ReplicateLayout.action_replicate_layout 510:Toolbar position: wx.Point(1632, 521)
05-08 13:45:47 com_github_MitjaNemec_ReplicateLayout.action_replicate_layout 515:Dialog position: wx.Point(1193, 521)
05-08 13:45:51 com_github_MitjaNemec_ReplicateLayout.replicate_layout 472:constructing a list of sheets suitable for replication on level:'/homing_interface_X/', file:'homing_interface_.kicad_sch'
05-08 13:45:51 com_github_MitjaNemec_ReplicateLayout.replicate_layout 509:suitable sheets are:[['/homing_interface_A/'], ['/homing_interface_B/'], ['/homing_interface_Y/'], ['/homing_interface_Z/']]
05-08 13:45:51 com_github_MitjaNemec_ReplicateLayout.action_replicate_layout 248:Replicating layout
05-08 13:45:51 com_github_MitjaNemec_ReplicateLayout.replicate_layout 288:Starting replication of sheets: [['/homing_interface_A/'], ['/homing_interface_B/'], ['/homing_interface_Y/'], ['/homing_interface_Z/']]
on level: ['/homing_interface_X/']
with tracks=True, zone=True, text=True, text=True, intersecting=False, remove=True, locked footprints=False, group_only=False
05-08 13:45:51 root 340:updating GUI message: 'Preparing for replication'
05-08 13:45:51 root 345:updating GUI with: 0
05-08 13:45:51 com_github_MitjaNemec_ReplicateLayout.replicate_layout 358:Getting the list of source footprints
05-08 13:45:51 root 345:updating GUI with: 0
05-08 13:45:51 com_github_MitjaNemec_ReplicateLayout.replicate_layout 368:Getting the list of all the remaining footprints
05-08 13:45:51 com_github_MitjaNemec_ReplicateLayout.replicate_layout 375:Getting source tracks
05-08 13:45:52 com_github_MitjaNemec_ReplicateLayout.replicate_layout 1331:Filtering list of tracks
05-08 13:45:52 com_github_MitjaNemec_ReplicateLayout.replicate_layout 379:Getting source zones
05-08 13:45:52 root 345:updating GUI with: 50
05-08 13:45:52 com_github_MitjaNemec_ReplicateLayout.replicate_layout 383:Getting source text items
05-08 13:45:52 com_github_MitjaNemec_ReplicateLayout.replicate_layout 387:Getting source drawing items
05-08 13:45:52 com_github_MitjaNemec_ReplicateLayout.replicate_layout 320:Removing tracks and zones, before footprint placement
05-08 13:45:52 root 340:updating GUI message: 'Removing zones and tracks'
05-08 13:45:52 root 345:updating GUI with: 0
05-08 13:45:52 com_github_MitjaNemec_ReplicateLayout.replicate_layout 1277:Remove bounding box top:33412661, bottom:83482661, Left:163715434, Right:190250434
05-08 13:45:52 root 345:updating GUI with: 25
05-08 13:45:52 com_github_MitjaNemec_ReplicateLayout.replicate_layout 1277:Remove bounding box top:33412661, bottom:83482661, Left:191715435, Right:218250435
05-08 13:45:52 root 345:updating GUI with: 50
05-08 13:45:52 com_github_MitjaNemec_ReplicateLayout.replicate_layout 1277:Remove bounding box top:33412661, bottom:83482661, Left:107715435, Right:134250435
05-08 13:45:52 root 345:updating GUI with: 75
05-08 13:45:52 com_github_MitjaNemec_ReplicateLayout.replicate_layout 1277:Remove bounding box top:33412661, bottom:83482661, Left:135715434, Right:162250434
05-08 13:45:52 root 340:updating GUI message: 'Replicating footprints'
05-08 13:45:52 root 345:updating GUI with: 0
05-08 13:45:52 com_github_MitjaNemec_ReplicateLayout.replicate_layout 861:Replicating footprints
05-08 13:45:52 com_github_MitjaNemec_ReplicateLayout.replicate_layout 868:Replicating footprints on sheet ['/homing_interface_A/']
05-08 13:45:52 com_github_MitjaNemec_ReplicateLayout.replicate_layout 985:Src text UUid:63ac9b9e-6d62-4a94-9356-570c3536e2bb
05-08 13:45:52 com_github_MitjaNemec_ReplicateLayout.replicate_layout 986:Dst text UUid:e89b86b8-bcc7-4f21-8ff5-b0f1eaa23a59
05-08 13:45:52 com_github_MitjaNemec_ReplicateLayout.replicate_layout 985:Src text UUid:81212f68-873f-4e95-a71d-8148d9b9cf2a
05-08 13:45:52 com_github_MitjaNemec_ReplicateLayout.replicate_layout 986:Dst text UUid:3c64945e-b21b-45d6-8571-4cb3a0bf8edd
05-08 13:45:52 com_github_MitjaNemec_ReplicateLayout.replicate_layout 985:Src text UUid:73a9dc91-e8ca-49bf-8ea2-cfee94201431
05-08 13:45:52 com_github_MitjaNemec_ReplicateLayout.replicate_layout 986:Dst text UUid:a5f39c25-a33f-4199-b23e-a78bd96d80bb
05-08 13:45:52 com_github_MitjaNemec_ReplicateLayout.replicate_layout 985:Src text UUid:91dd6530-d57e-48c5-bd5d-928df1569b83
05-08 13:45:52 com_github_MitjaNemec_ReplicateLayout.replicate_layout 986:Dst text UUid:fb8ac69a-c7ad-453f-8b49-0e31697428d4
05-08 13:45:52 com_github_MitjaNemec_ReplicateLayout.replicate_layout 985:Src text UUid:8c3c0f88-702b-4a32-8608-b7891ee1da93
05-08 13:45:52 com_github_MitjaNemec_ReplicateLayout.replicate_layout 986:Dst text UUid:43442535-d081-4635-8a93-a622ea3cfd95
05-08 13:45:52 com_github_MitjaNemec_ReplicateLayout.replicate_layout 985:Src text UUid:3337cb4f-3ae4-4263-b91d-e220585d1dca
05-08 13:45:52 com_github_MitjaNemec_ReplicateLayout.replicate_layout 986:Dst text UUid:7194af30-8859-412a-95dd-1289d7a37456
05-08 13:45:52 com_github_MitjaNemec_ReplicateLayout.replicate_layout 985:Src text UUid:e66eb6ec-f31e-48d6-aa55-7296ce596e4b
05-08 13:45:52 com_github_MitjaNemec_ReplicateLayout.replicate_layout 986:Dst text UUid:15e77a57-4f4e-4b5f-8146-d34e00d81ce8
05-08 13:45:52 com_github_MitjaNemec_ReplicateLayout.replicate_layout 985:Src text UUid:c1bace30-d15a-4209-ab20-7482945bea6e
05-08 13:45:52 com_github_MitjaNemec_ReplicateLayout.replicate_layout 986:Dst text UUid:b1cf4d9b-d8c5-4ef7-889c-c69e9a895dd9
05-08 13:45:52 com_github_MitjaNemec_ReplicateLayout.replicate_layout 985:Src text UUid:a22b73e7-af6a-4f31-935a-bf7bcfed1438
05-08 13:45:52 com_github_MitjaNemec_ReplicateLayout.replicate_layout 986:Dst text UUid:92d03421-66ea-49bb-a736-dd6868ca97e6
05-08 13:45:52 com_github_MitjaNemec_ReplicateLayout.replicate_layout 985:Src text UUid:9d36fe04-d9b5-49fb-b46d-291c4b8fd0a9
05-08 13:45:52 com_github_MitjaNemec_ReplicateLayout.replicate_layout 986:Dst text UUid:ef010b72-2fd3-4ea1-8dad-240c825f7042
05-08 13:45:52 com_github_MitjaNemec_ReplicateLayout.replicate_layout 985:Src text UUid:f8831bde-758e-4430-97ef-250133472bc8
05-08 13:45:52 com_github_MitjaNemec_ReplicateLayout.replicate_layout 986:Dst text UUid:a09648ee-0043-4d3d-a87c-b4b7bac868d7
05-08 13:45:52 com_github_MitjaNemec_ReplicateLayout.replicate_layout 985:Src text UUid:66f22ce2-cba7-48dc-9972-08a14421c9d7
05-08 13:45:52 com_github_MitjaNemec_ReplicateLayout.replicate_layout 986:Dst text UUid:b4554757-ffe3-442e-b9f8-708a5f404e36
05-08 13:45:52 com_github_MitjaNemec_ReplicateLayout.replicate_layout 985:Src text UUid:1bf6a626-783f-4cee-ab8c-00e91d319cc0
05-08 13:45:52 com_github_MitjaNemec_ReplicateLayout.replicate_layout 986:Dst text UUid:6c7af744-01d4-4e60-9cca-bc9dea78f7e5
05-08 13:45:52 com_github_MitjaNemec_ReplicateLayout.replicate_layout 985:Src text UUid:f00e23f7-8f66-49c0-93f2-46e68201b89d
05-08 13:45:52 com_github_MitjaNemec_ReplicateLayout.replicate_layout 986:Dst text UUid:a27e2638-c13c-499e-9d95-e91ecb2dc908
05-08 13:45:52 com_github_MitjaNemec_ReplicateLayout.replicate_layout 985:Src text UUid:eaf585d0-aabb-45a3-8893-497125af8f0a
05-08 13:45:52 com_github_MitjaNemec_ReplicateLayout.replicate_layout 986:Dst text UUid:b51a89e9-8ca5-4c4e-bec0-bece1815da93
05-08 13:45:52 com_github_MitjaNemec_ReplicateLayout.replicate_layout 985:Src text UUid:197d104b-1788-4308-b2f8-da74fead65de
05-08 13:45:52 com_github_MitjaNemec_ReplicateLayout.replicate_layout 986:Dst text UUid:f7e8d1ea-9214-43a3-88ac-592c4aa6fada
05-08 13:45:52 com_github_MitjaNemec_ReplicateLayout.replicate_layout 985:Src text UUid:a2652e61-3063-4e16-a75f-6aea7ff245fb
05-08 13:45:52 com_github_MitjaNemec_ReplicateLayout.replicate_layout 986:Dst text UUid:b16233e1-a6cd-400b-a295-47488b2a6c76
05-08 13:45:52 com_github_MitjaNemec_ReplicateLayout.replicate_layout 985:Src text UUid:aade42a3-d28c-42db-bd46-e57edd3298f5
05-08 13:45:52 com_github_MitjaNemec_ReplicateLayout.replicate_layout 986:Dst text UUid:d58ee43c-9070-4f42-a1fa-8d0e0c7fb9df
05-08 13:45:52 com_github_MitjaNemec_ReplicateLayout.replicate_layout 985:Src text UUid:1f7f452a-422d-4df0-a8f0-f00257645d5e
05-08 13:45:52 com_github_MitjaNemec_ReplicateLayout.replicate_layout 986:Dst text UUid:72144e4f-9c53-4060-bc92-e06d4b068aa8
05-08 13:45:52 com_github_MitjaNemec_ReplicateLayout.replicate_layout 985:Src text UUid:3f08999b-d251-4140-85b4-ccfbc023ff2f
05-08 13:45:52 com_github_MitjaNemec_ReplicateLayout.replicate_layout 986:Dst text UUid:2e7a8692-a83e-4940-98b4-78364e4d9a60
05-08 13:45:52 com_github_MitjaNemec_ReplicateLayout.replicate_layout 985:Src text UUid:7919bd01-ea36-485f-8aa0-d5c8d7c83097
05-08 13:45:52 com_github_MitjaNemec_ReplicateLayout.replicate_layout 986:Dst text UUid:197db922-6f00-4a08-9c73-41a5f9932a40
05-08 13:45:52 com_github_MitjaNemec_ReplicateLayout.replicate_layout 985:Src text UUid:9e09e8ba-64f7-4201-8893-9005608371d8
05-08 13:45:52 com_github_MitjaNemec_ReplicateLayout.replicate_layout 986:Dst text UUid:ea067abf-5803-4c69-8011-cadf1628ca73
05-08 13:45:52 com_github_MitjaNemec_ReplicateLayout.replicate_layout 985:Src text UUid:7c8c9765-4116-4d53-b8e9-4ea589a59dcd
05-08 13:45:52 com_github_MitjaNemec_ReplicateLayout.replicate_layout 986:Dst text UUid:4d8e7c76-2e66-49ef-a443-d06882e48111
05-08 13:45:52 com_github_MitjaNemec_ReplicateLayout.replicate_layout 985:Src text UUid:1544216b-ac80-4095-8cf8-875def1a5552
05-08 13:45:52 com_github_MitjaNemec_ReplicateLayout.replicate_layout 986:Dst text UUid:9a29e740-1070-4115-a127-5f3df4991b5e
05-08 13:45:52 com_github_MitjaNemec_ReplicateLayout.replicate_layout 985:Src text UUid:036ae52b-0a0f-4cb1-aaf2-1badbb6695d5
05-08 13:45:52 com_github_MitjaNemec_ReplicateLayout.replicate_layout 986:Dst text UUid:264ed8d0-bf50-4b71-9a97-389780b5668a
05-08 13:45:52 com_github_MitjaNemec_ReplicateLayout.replicate_layout 985:Src text UUid:c397d36c-eb6a-4307-b14e-46143483497e
05-08 13:45:52 com_github_MitjaNemec_ReplicateLayout.replicate_layout 986:Dst text UUid:9a26c606-f331-4eed-a212-fe0e2cba86a3
05-08 13:45:52 com_github_MitjaNemec_ReplicateLayout.replicate_layout 985:Src text UUid:6fb8883e-76d5-4616-9d5f-bc392e5b6def
05-08 13:45:52 com_github_MitjaNemec_ReplicateLayout.replicate_layout 986:Dst text UUid:c8add5d0-2068-4a1f-ad2b-632a01f5d247
05-08 13:45:52 com_github_MitjaNemec_ReplicateLayout.replicate_layout 985:Src text UUid:3cb18b8d-e9d4-479e-84f7-9123734745d3
05-08 13:45:52 com_github_MitjaNemec_ReplicateLayout.replicate_layout 986:Dst text UUid:18c0c17b-c5a3-4924-b769-a2bb2eef3e57
05-08 13:45:52 com_github_MitjaNemec_ReplicateLayout.replicate_layout 985:Src text UUid:54473602-7ddd-44f0-b090-d67d6f59984b
05-08 13:45:52 com_github_MitjaNemec_ReplicateLayout.replicate_layout 986:Dst text UUid:782af96d-a767-416f-8898-5115ad9976d5
05-08 13:45:52 com_github_MitjaNemec_ReplicateLayout.replicate_layout 985:Src text UUid:193c6085-6d6e-4e76-8ad2-c6fd04115fa5
05-08 13:45:52 com_github_MitjaNemec_ReplicateLayout.replicate_layout 986:Dst text UUid:bc05ba9f-d4d0-4ec3-b6a4-2893cbef065b
05-08 13:45:52 com_github_MitjaNemec_ReplicateLayout.replicate_layout 985:Src text UUid:fcdba7f7-4de0-4d02-9d32-c3a82e9feb88
05-08 13:45:52 com_github_MitjaNemec_ReplicateLayout.replicate_layout 986:Dst text UUid:37b11013-59b2-40c4-9443-dc59c430389f
05-08 13:45:52 com_github_MitjaNemec_ReplicateLayout.replicate_layout 985:Src text UUid:e4b74eea-4e1c-4562-aae8-fa50ef840697
05-08 13:45:52 com_github_MitjaNemec_ReplicateLayout.replicate_layout 986:Dst text UUid:e201b25a-e86a-4181-a170-7b362d2a595a
05-08 13:45:52 com_github_MitjaNemec_ReplicateLayout.replicate_layout 985:Src text UUid:9efc93c8-e3a8-41e5-8e62-a9c35ecc6e1f
05-08 13:45:52 com_github_MitjaNemec_ReplicateLayout.replicate_layout 986:Dst text UUid:3b2e6fe6-4474-4454-8290-584b832e8a8a
05-08 13:45:52 com_github_MitjaNemec_ReplicateLayout.replicate_layout 985:Src text UUid:e70dea2e-303e-451f-a11e-56b9964ee89b
05-08 13:45:52 com_github_MitjaNemec_ReplicateLayout.replicate_layout 986:Dst text UUid:206b6229-964e-4086-974c-3b4822a6b6b1
05-08 13:45:52 com_github_MitjaNemec_ReplicateLayout.replicate_layout 985:Src text UUid:deba58ce-f200-40b6-bcac-9517d1c8d6ad
05-08 13:45:52 com_github_MitjaNemec_ReplicateLayout.replicate_layout 986:Dst text UUid:d87e22ac-6f6d-499e-800b-5f2c5199aa6e
05-08 13:45:52 com_github_MitjaNemec_ReplicateLayout.replicate_layout 985:Src text UUid:5c85215c-475a-4c04-ab5d-7cee7cae1aed
05-08 13:45:52 com_github_MitjaNemec_ReplicateLayout.replicate_layout 986:Dst text UUid:40d53540-f134-42c5-8f17-cd4b3f03beec
05-08 13:45:52 com_github_MitjaNemec_ReplicateLayout.replicate_layout 985:Src text UUid:66abefdb-6abb-486b-b0e1-2de9eafeda06
05-08 13:45:52 com_github_MitjaNemec_ReplicateLayout.replicate_layout 986:Dst text UUid:701def4c-f4f1-4d2c-bbf1-545d576e6a4b
05-08 13:45:52 com_github_MitjaNemec_ReplicateLayout.replicate_layout 985:Src text UUid:b4cbc930-5d69-4163-a556-8ddcacf9dd58
05-08 13:45:52 com_github_MitjaNemec_ReplicateLayout.replicate_layout 986:Dst text UUid:2e42c2d1-ab44-4f93-a678-0e28cce320de
05-08 13:45:52 com_github_MitjaNemec_ReplicateLayout.replicate_layout 985:Src text UUid:ab9fb47a-4b5d-4b96-ad10-6a204c5c64ec
05-08 13:45:52 com_github_MitjaNemec_ReplicateLayout.replicate_layout 986:Dst text UUid:eee38c29-ccdc-4f0a-a574-3d6a081fb9ac
05-08 13:45:52 root 345:updating GUI with: 23
05-08 13:45:52 com_github_MitjaNemec_ReplicateLayout.replicate_layout 985:Src text UUid:de97acd8-db50-40b1-8285-80f97da65221
05-08 13:45:52 com_github_MitjaNemec_ReplicateLayout.replicate_layout 986:Dst text UUid:885f704c-fc8f-42cc-922e-e20119f0e2e4
05-08 13:45:52 com_github_MitjaNemec_ReplicateLayout.replicate_layout 985:Src text UUid:dc6fce73-0b11-4a90-bd65-9a22193a9afa
05-08 13:45:52 com_github_MitjaNemec_ReplicateLayout.replicate_layout 986:Dst text UUid:2ebace04-373a-4798-a14c-5756b709295a
05-08 13:45:52 com_github_MitjaNemec_ReplicateLayout.replicate_layout 985:Src text UUid:7570d551-5cd9-41d3-ae76-d0e78ba13ea8
05-08 13:45:52 com_github_MitjaNemec_ReplicateLayout.replicate_layout 986:Dst text UUid:091c2d5d-5b1f-4529-a2b0-88e20006d67d
05-08 13:45:52 com_github_MitjaNemec_ReplicateLayout.replicate_layout 985:Src text UUid:dc8ff84b-1931-4348-8d23-4a19dfd6ff26
05-08 13:45:52 com_github_MitjaNemec_ReplicateLayout.replicate_layout 986:Dst text UUid:291a31ba-a56f-41fa-8eb0-560b33123877
05-08 13:45:52 com_github_MitjaNemec_ReplicateLayout.replicate_layout 985:Src text UUid:549d5ffc-d5ad-467a-8bad-591c7bdcbb0c
05-08 13:45:52 com_github_MitjaNemec_ReplicateLayout.replicate_layout 986:Dst text UUid:86ce9d09-6753-4756-8fb4-b5c580f623bf
05-08 13:45:52 com_github_MitjaNemec_ReplicateLayout.replicate_layout 985:Src text UUid:eddb3196-52c1-4d24-b137-6a0443c15bb1
05-08 13:45:52 com_github_MitjaNemec_ReplicateLayout.replicate_layout 986:Dst text UUid:2df75592-502d-4848-8e03-50e8cde0580e
05-08 13:45:52 com_github_MitjaNemec_ReplicateLayout.replicate_layout 868:Replicating footprints on sheet ['/homing_interface_B/']
05-08 13:45:52 com_github_MitjaNemec_ReplicateLayout.replicate_layout 985:Src text UUid:63ac9b9e-6d62-4a94-9356-570c3536e2bb
05-08 13:45:52 com_github_MitjaNemec_ReplicateLayout.replicate_layout 986:Dst text UUid:7b2f5a34-8f60-48a6-84bc-5732ef3465be
05-08 13:45:52 com_github_MitjaNemec_ReplicateLayout.replicate_layout 985:Src text UUid:81212f68-873f-4e95-a71d-8148d9b9cf2a
05-08 13:45:52 com_github_MitjaNemec_ReplicateLayout.replicate_layout 986:Dst text UUid:8098013c-1165-4a50-9bde-711150192698
05-08 13:45:52 com_github_MitjaNemec_ReplicateLayout.replicate_layout 985:Src text UUid:73a9dc91-e8ca-49bf-8ea2-cfee94201431
05-08 13:45:52 com_github_MitjaNemec_ReplicateLayout.replicate_layout 986:Dst text UUid:b49da547-9cb2-4af6-858b-8d5d93a4f827
05-08 13:45:52 com_github_MitjaNemec_ReplicateLayout.replicate_layout 985:Src text UUid:91dd6530-d57e-48c5-bd5d-928df1569b83
05-08 13:45:52 com_github_MitjaNemec_ReplicateLayout.replicate_layout 986:Dst text UUid:68f493f8-b2bf-43bd-bd10-8feed026296d
05-08 13:45:52 com_github_MitjaNemec_ReplicateLayout.replicate_layout 985:Src text UUid:8c3c0f88-702b-4a32-8608-b7891ee1da93
05-08 13:45:52 com_github_MitjaNemec_ReplicateLayout.replicate_layout 986:Dst text UUid:d31c3e3f-8d8e-4560-94fc-e7f717e92e0e
05-08 13:45:52 com_github_MitjaNemec_ReplicateLayout.replicate_layout 985:Src text UUid:3337cb4f-3ae4-4263-b91d-e220585d1dca
05-08 13:45:52 com_github_MitjaNemec_ReplicateLayout.replicate_layout 986:Dst text UUid:ca1f5ef7-357a-4bad-980a-8ef24c97c874
05-08 13:45:52 com_github_MitjaNemec_ReplicateLayout.replicate_layout 985:Src text UUid:e66eb6ec-f31e-48d6-aa55-7296ce596e4b
05-08 13:45:52 com_github_MitjaNemec_ReplicateLayout.replicate_layout 986:Dst text UUid:68d62844-38cb-4951-983e-44f4cbfe8931
05-08 13:45:52 com_github_MitjaNemec_ReplicateLayout.replicate_layout 985:Src text UUid:c1bace30-d15a-4209-ab20-7482945bea6e
05-08 13:45:52 com_github_MitjaNemec_ReplicateLayout.replicate_layout 986:Dst text UUid:ecda8036-592d-4b6a-8a02-c7a5f7bffd07
05-08 13:45:52 com_github_MitjaNemec_ReplicateLayout.replicate_layout 985:Src text UUid:a22b73e7-af6a-4f31-935a-bf7bcfed1438
05-08 13:45:52 com_github_MitjaNemec_ReplicateLayout.replicate_layout 986:Dst text UUid:640ca35a-9fb0-457d-b0ff-00a5de38ad47
05-08 13:45:52 root 345:updating GUI with: 31
05-08 13:45:52 com_github_MitjaNemec_ReplicateLayout.replicate_layout 985:Src text UUid:9d36fe04-d9b5-49fb-b46d-291c4b8fd0a9
05-08 13:45:52 com_github_MitjaNemec_ReplicateLayout.replicate_layout 986:Dst text UUid:68ce3082-d054-4507-b45f-be0a3780f2f5
05-08 13:45:52 com_github_MitjaNemec_ReplicateLayout.replicate_layout 985:Src text UUid:f8831bde-758e-4430-97ef-250133472bc8
05-08 13:45:52 com_github_MitjaNemec_ReplicateLayout.replicate_layout 986:Dst text UUid:894dd562-33a6-4f68-8b07-4f30e9b3ba74
05-08 13:45:52 com_github_MitjaNemec_ReplicateLayout.replicate_layout 985:Src text UUid:66f22ce2-cba7-48dc-9972-08a14421c9d7
05-08 13:45:52 com_github_MitjaNemec_ReplicateLayout.replicate_layout 986:Dst text UUid:727df158-1425-45e2-a401-cf69e5248dce
05-08 13:45:52 com_github_MitjaNemec_ReplicateLayout.replicate_layout 985:Src text UUid:1bf6a626-783f-4cee-ab8c-00e91d319cc0
05-08 13:45:52 com_github_MitjaNemec_ReplicateLayout.replicate_layout 986:Dst text UUid:38aa8b17-deb5-4904-9027-97232e693fa7
05-08 13:45:52 com_github_MitjaNemec_ReplicateLayout.replicate_layout 985:Src text UUid:f00e23f7-8f66-49c0-93f2-46e68201b89d
05-08 13:45:52 com_github_MitjaNemec_ReplicateLayout.replicate_layout 986:Dst text UUid:b66d81cd-1445-4953-94f8-1dc7890710e3
05-08 13:45:52 com_github_MitjaNemec_ReplicateLayout.replicate_layout 985:Src text UUid:eaf585d0-aabb-45a3-8893-497125af8f0a
05-08 13:45:52 com_github_MitjaNemec_ReplicateLayout.replicate_layout 986:Dst text UUid:e794f7d4-1837-40b0-b44b-457750cc20ef
05-08 13:45:52 com_github_MitjaNemec_ReplicateLayout.replicate_layout 985:Src text UUid:197d104b-1788-4308-b2f8-da74fead65de
05-08 13:45:52 com_github_MitjaNemec_ReplicateLayout.replicate_layout 986:Dst text UUid:d8503256-6bbc-4532-b025-fc3bf954c096
05-08 13:45:52 com_github_MitjaNemec_ReplicateLayout.replicate_layout 985:Src text UUid:a2652e61-3063-4e16-a75f-6aea7ff245fb
05-08 13:45:52 com_github_MitjaNemec_ReplicateLayout.replicate_layout 986:Dst text UUid:8d50cd74-cdd4-4dcc-8914-b3f7a2cb0d9f
05-08 13:45:52 com_github_MitjaNemec_ReplicateLayout.replicate_layout 985:Src text UUid:aade42a3-d28c-42db-bd46-e57edd3298f5
05-08 13:45:52 com_github_MitjaNemec_ReplicateLayout.replicate_layout 986:Dst text UUid:b5a2e72a-16c4-4f36-b9d6-1c59a17eac9d
05-08 13:45:52 com_github_MitjaNemec_ReplicateLayout.replicate_layout 985:Src text UUid:1f7f452a-422d-4df0-a8f0-f00257645d5e
05-08 13:45:52 com_github_MitjaNemec_ReplicateLayout.replicate_layout 986:Dst text UUid:9021373c-7fbc-4752-abf9-f367d6c6f013
05-08 13:45:52 com_github_MitjaNemec_ReplicateLayout.replicate_layout 985:Src text UUid:3f08999b-d251-4140-85b4-ccfbc023ff2f
05-08 13:45:52 com_github_MitjaNemec_ReplicateLayout.replicate_layout 986:Dst text UUid:86ade9c8-39cf-4018-add6-b348414fa6e9
05-08 13:45:52 com_github_MitjaNemec_ReplicateLayout.replicate_layout 985:Src text UUid:7919bd01-ea36-485f-8aa0-d5c8d7c83097
05-08 13:45:52 com_github_MitjaNemec_ReplicateLayout.replicate_layout 986:Dst text UUid:aed5fc7c-ef94-4bdd-9c55-a8eaeb30cd07
05-08 13:45:52 com_github_MitjaNemec_ReplicateLayout.replicate_layout 985:Src text UUid:9e09e8ba-64f7-4201-8893-9005608371d8
05-08 13:45:52 com_github_MitjaNemec_ReplicateLayout.replicate_layout 986:Dst text UUid:996ed097-ddf2-46a0-9c29-9026e857b91f
05-08 13:45:52 com_github_MitjaNemec_ReplicateLayout.replicate_layout 985:Src text UUid:7c8c9765-4116-4d53-b8e9-4ea589a59dcd
05-08 13:45:52 com_github_MitjaNemec_ReplicateLayout.replicate_layout 986:Dst text UUid:030535d1-b9c8-4a9f-9d18-8d9f8e8dd41d
05-08 13:45:52 com_github_MitjaNemec_ReplicateLayout.replicate_layout 985:Src text UUid:1544216b-ac80-4095-8cf8-875def1a5552
05-08 13:45:52 com_github_MitjaNemec_ReplicateLayout.replicate_layout 986:Dst text UUid:2d55fc24-f39d-4b63-981a-37dc6c818b3e
05-08 13:45:52 com_github_MitjaNemec_ReplicateLayout.replicate_layout 985:Src text UUid:036ae52b-0a0f-4cb1-aaf2-1badbb6695d5
05-08 13:45:52 com_github_MitjaNemec_ReplicateLayout.replicate_layout 986:Dst text UUid:14e15559-0416-4db1-8650-0c1116e08f83
05-08 13:45:52 com_github_MitjaNemec_ReplicateLayout.replicate_layout 985:Src text UUid:c397d36c-eb6a-4307-b14e-46143483497e
05-08 13:45:52 com_github_MitjaNemec_ReplicateLayout.replicate_layout 986:Dst text UUid:bfdcf81b-9876-435e-aa5a-cec7218dbc1e
05-08 13:45:52 com_github_MitjaNemec_ReplicateLayout.replicate_layout 985:Src text UUid:6fb8883e-76d5-4616-9d5f-bc392e5b6def
05-08 13:45:52 com_github_MitjaNemec_ReplicateLayout.replicate_layout 986:Dst text UUid:b8824738-127b-48f5-a752-69b048303f67
05-08 13:45:52 com_github_MitjaNemec_ReplicateLayout.replicate_layout 985:Src text UUid:3cb18b8d-e9d4-479e-84f7-9123734745d3
05-08 13:45:52 com_github_MitjaNemec_ReplicateLayout.replicate_layout 986:Dst text UUid:8983e298-0e10-4de8-bc77-310c16a5d976
05-08 13:45:52 com_github_MitjaNemec_ReplicateLayout.replicate_layout 985:Src text UUid:54473602-7ddd-44f0-b090-d67d6f59984b
05-08 13:45:52 com_github_MitjaNemec_ReplicateLayout.replicate_layout 986:Dst text UUid:ee419bce-d724-4691-851b-1e87879a9fb1
05-08 13:45:52 com_github_MitjaNemec_ReplicateLayout.replicate_layout 985:Src text UUid:193c6085-6d6e-4e76-8ad2-c6fd04115fa5
05-08 13:45:52 com_github_MitjaNemec_ReplicateLayout.replicate_layout 986:Dst text UUid:bb827e19-9b05-4349-9230-b506b275aed5
05-08 13:45:52 com_github_MitjaNemec_ReplicateLayout.replicate_layout 985:Src text UUid:fcdba7f7-4de0-4d02-9d32-c3a82e9feb88
05-08 13:45:52 com_github_MitjaNemec_ReplicateLayout.replicate_layout 986:Dst text UUid:77fd0ab7-47c3-43a2-a26e-4f41720e1019
05-08 13:45:52 com_github_MitjaNemec_ReplicateLayout.replicate_layout 985:Src text UUid:e4b74eea-4e1c-4562-aae8-fa50ef840697
05-08 13:45:52 com_github_MitjaNemec_ReplicateLayout.replicate_layout 986:Dst text UUid:bfabc826-1559-44a3-bbe0-37c1ff626df0
05-08 13:45:52 com_github_MitjaNemec_ReplicateLayout.replicate_layout 985:Src text UUid:9efc93c8-e3a8-41e5-8e62-a9c35ecc6e1f
05-08 13:45:52 com_github_MitjaNemec_ReplicateLayout.replicate_layout 986:Dst text UUid:e30f0fe1-93c0-49b2-9d81-a49a774f8e14
05-08 13:45:52 com_github_MitjaNemec_ReplicateLayout.replicate_layout 985:Src text UUid:e70dea2e-303e-451f-a11e-56b9964ee89b
05-08 13:45:52 com_github_MitjaNemec_ReplicateLayout.replicate_layout 986:Dst text UUid:e1fd3417-10a3-44ee-bcc1-4b0d531b196d
05-08 13:45:52 com_github_MitjaNemec_ReplicateLayout.replicate_layout 985:Src text UUid:deba58ce-f200-40b6-bcac-9517d1c8d6ad
05-08 13:45:52 com_github_MitjaNemec_ReplicateLayout.replicate_layout 986:Dst text UUid:f02006ba-c43c-435c-8b1e-a1a7d1fc59d1
05-08 13:45:52 com_github_MitjaNemec_ReplicateLayout.replicate_layout 985:Src text UUid:5c85215c-475a-4c04-ab5d-7cee7cae1aed
05-08 13:45:52 com_github_MitjaNemec_ReplicateLayout.replicate_layout 986:Dst text UUid:f3d4d49e-ed4d-4b7e-a339-07ebbfc01d0c
05-08 13:45:52 com_github_MitjaNemec_ReplicateLayout.replicate_layout 985:Src text UUid:66abefdb-6abb-486b-b0e1-2de9eafeda06
05-08 13:45:52 com_github_MitjaNemec_ReplicateLayout.replicate_layout 986:Dst text UUid:53eb878e-46df-44f3-9c53-6c3d3c3248c2
05-08 13:45:52 com_github_MitjaNemec_ReplicateLayout.replicate_layout 985:Src text UUid:b4cbc930-5d69-4163-a556-8ddcacf9dd58
05-08 13:45:52 com_github_MitjaNemec_ReplicateLayout.replicate_layout 986:Dst text UUid:5b45494e-12a5-4444-b4af-86e57f9177f3
05-08 13:45:52 com_github_MitjaNemec_ReplicateLayout.replicate_layout 985:Src text UUid:ab9fb47a-4b5d-4b96-ad10-6a204c5c64ec
05-08 13:45:52 com_github_MitjaNemec_ReplicateLayout.replicate_layout 986:Dst text UUid:3c037804-79f3-45e7-a734-a67c81fb6eef
05-08 13:45:52 com_github_MitjaNemec_ReplicateLayout.replicate_layout 985:Src text UUid:de97acd8-db50-40b1-8285-80f97da65221
05-08 13:45:52 com_github_MitjaNemec_ReplicateLayout.replicate_layout 986:Dst text UUid:be20ff45-ce73-498c-bf10-d9e4b7a5af5f
05-08 13:45:52 com_github_MitjaNemec_ReplicateLayout.replicate_layout 985:Src text UUid:dc6fce73-0b11-4a90-bd65-9a22193a9afa
05-08 13:45:52 com_github_MitjaNemec_ReplicateLayout.replicate_layout 986:Dst text UUid:51cba4ee-5148-412d-ac5d-ad0635e02da7
05-08 13:45:52 com_github_MitjaNemec_ReplicateLayout.replicate_layout 985:Src text UUid:7570d551-5cd9-41d3-ae76-d0e78ba13ea8
05-08 13:45:52 com_github_MitjaNemec_ReplicateLayout.replicate_layout 986:Dst text UUid:5b288fd7-eb2c-47e5-9d91-aa9a5cdab6b8
05-08 13:45:52 com_github_MitjaNemec_ReplicateLayout.replicate_layout 985:Src text UUid:dc8ff84b-1931-4348-8d23-4a19dfd6ff26
05-08 13:45:52 com_github_MitjaNemec_ReplicateLayout.replicate_layout 986:Dst text UUid:12060ca0-75a4-48fa-9f75-7d63b7471709
05-08 13:45:52 com_github_MitjaNemec_ReplicateLayout.replicate_layout 985:Src text UUid:549d5ffc-d5ad-467a-8bad-591c7bdcbb0c
05-08 13:45:52 com_github_MitjaNemec_ReplicateLayout.replicate_layout 986:Dst text UUid:61b1f6d1-9bf4-43dc-a593-ce925e9453c0
05-08 13:45:52 com_github_MitjaNemec_ReplicateLayout.replicate_layout 985:Src text UUid:eddb3196-52c1-4d24-b137-6a0443c15bb1
05-08 13:45:52 com_github_MitjaNemec_ReplicateLayout.replicate_layout 986:Dst text UUid:17eba09f-0770-4418-90b3-b96442aa598e
05-08 13:45:52 root 345:updating GUI with: 50
05-08 13:45:52 com_github_MitjaNemec_ReplicateLayout.replicate_layout 868:Replicating footprints on sheet ['/homing_interface_Y/']
05-08 13:45:52 com_github_MitjaNemec_ReplicateLayout.replicate_layout 985:Src text UUid:63ac9b9e-6d62-4a94-9356-570c3536e2bb
05-08 13:45:52 com_github_MitjaNemec_ReplicateLayout.replicate_layout 986:Dst text UUid:7938930c-a483-4900-8261-c0a640146a91
05-08 13:45:52 com_github_MitjaNemec_ReplicateLayout.replicate_layout 985:Src text UUid:81212f68-873f-4e95-a71d-8148d9b9cf2a
05-08 13:45:52 com_github_MitjaNemec_ReplicateLayout.replicate_layout 986:Dst text UUid:0f5f965e-18ae-47b2-99ca-143896ef18f0
05-08 13:45:52 com_github_MitjaNemec_ReplicateLayout.replicate_layout 985:Src text UUid:73a9dc91-e8ca-49bf-8ea2-cfee94201431
05-08 13:45:52 com_github_MitjaNemec_ReplicateLayout.replicate_layout 986:Dst text UUid:3047d486-ea00-460f-b986-3b54332b1e25
05-08 13:45:52 com_github_MitjaNemec_ReplicateLayout.replicate_layout 985:Src text UUid:91dd6530-d57e-48c5-bd5d-928df1569b83
05-08 13:45:52 com_github_MitjaNemec_ReplicateLayout.replicate_layout 986:Dst text UUid:c5f04a2d-eb64-4acb-9f47-1b0092fdfcd7
05-08 13:45:52 com_github_MitjaNemec_ReplicateLayout.replicate_layout 985:Src text UUid:8c3c0f88-702b-4a32-8608-b7891ee1da93
05-08 13:45:52 com_github_MitjaNemec_ReplicateLayout.replicate_layout 986:Dst text UUid:06512255-aec5-41e5-aa82-dfd758eac778
05-08 13:45:52 com_github_MitjaNemec_ReplicateLayout.replicate_layout 985:Src text UUid:3337cb4f-3ae4-4263-b91d-e220585d1dca
05-08 13:45:52 com_github_MitjaNemec_ReplicateLayout.replicate_layout 986:Dst text UUid:b37c95ca-049b-467d-af6a-ec77679541b8
05-08 13:45:52 com_github_MitjaNemec_ReplicateLayout.replicate_layout 985:Src text UUid:e66eb6ec-f31e-48d6-aa55-7296ce596e4b
05-08 13:45:52 com_github_MitjaNemec_ReplicateLayout.replicate_layout 986:Dst text UUid:9a9656d4-90a1-4226-8da0-98fa197a48dc
05-08 13:45:52 com_github_MitjaNemec_ReplicateLayout.replicate_layout 985:Src text UUid:c1bace30-d15a-4209-ab20-7482945bea6e
05-08 13:45:52 com_github_MitjaNemec_ReplicateLayout.replicate_layout 986:Dst text UUid:6104a829-9969-4480-9471-e251bf6b9d41
05-08 13:45:52 com_github_MitjaNemec_ReplicateLayout.replicate_layout 985:Src text UUid:a22b73e7-af6a-4f31-935a-bf7bcfed1438
05-08 13:45:52 com_github_MitjaNemec_ReplicateLayout.replicate_layout 986:Dst text UUid:583c39a2-8a91-49bc-a510-bfebf921d71b
05-08 13:45:52 com_github_MitjaNemec_ReplicateLayout.replicate_layout 985:Src text UUid:9d36fe04-d9b5-49fb-b46d-291c4b8fd0a9
05-08 13:45:52 com_github_MitjaNemec_ReplicateLayout.replicate_layout 986:Dst text UUid:f89ce7cb-452c-4441-820c-328f4e0d893d
05-08 13:45:52 com_github_MitjaNemec_ReplicateLayout.replicate_layout 985:Src text UUid:f8831bde-758e-4430-97ef-250133472bc8
05-08 13:45:52 com_github_MitjaNemec_ReplicateLayout.replicate_layout 986:Dst text UUid:e5877d89-8a4d-4801-8f9c-d073b7c91034
05-08 13:45:52 com_github_MitjaNemec_ReplicateLayout.replicate_layout 985:Src text UUid:66f22ce2-cba7-48dc-9972-08a14421c9d7
05-08 13:45:52 com_github_MitjaNemec_ReplicateLayout.replicate_layout 986:Dst text UUid:af92cb6b-29e5-4218-94dd-5c82c1e04829
05-08 13:45:52 com_github_MitjaNemec_ReplicateLayout.replicate_layout 985:Src text UUid:1bf6a626-783f-4cee-ab8c-00e91d319cc0
05-08 13:45:52 com_github_MitjaNemec_ReplicateLayout.replicate_layout 986:Dst text UUid:cd553091-8d3b-4444-aef7-e1fc4da81238
05-08 13:45:52 com_github_MitjaNemec_ReplicateLayout.replicate_layout 985:Src text UUid:f00e23f7-8f66-49c0-93f2-46e68201b89d
05-08 13:45:52 com_github_MitjaNemec_ReplicateLayout.replicate_layout 986:Dst text UUid:1cf3e334-c2ab-42fb-8739-87d136fdb8e0
05-08 13:45:52 com_github_MitjaNemec_ReplicateLayout.replicate_layout 985:Src text UUid:eaf585d0-aabb-45a3-8893-497125af8f0a
05-08 13:45:52 com_github_MitjaNemec_ReplicateLayout.replicate_layout 986:Dst text UUid:75d1b2ab-7ea4-430d-9928-7b4c07c41e06
05-08 13:45:52 com_github_MitjaNemec_ReplicateLayout.replicate_layout 985:Src text UUid:197d104b-1788-4308-b2f8-da74fead65de
05-08 13:45:52 com_github_MitjaNemec_ReplicateLayout.replicate_layout 986:Dst text UUid:4cf1d514-9294-4c68-8aa6-20663b4fb33a
05-08 13:45:52 com_github_MitjaNemec_ReplicateLayout.replicate_layout 985:Src text UUid:a2652e61-3063-4e16-a75f-6aea7ff245fb
05-08 13:45:52 com_github_MitjaNemec_ReplicateLayout.replicate_layout 986:Dst text UUid:1acf4724-4d30-4ce6-b7b4-9b0ca6e53e9b
05-08 13:45:52 com_github_MitjaNemec_ReplicateLayout.replicate_layout 985:Src text UUid:aade42a3-d28c-42db-bd46-e57edd3298f5
05-08 13:45:52 com_github_MitjaNemec_ReplicateLayout.replicate_layout 986:Dst text UUid:b5373a14-986e-4be4-8c73-bfc720a752c4
05-08 13:45:52 com_github_MitjaNemec_ReplicateLayout.replicate_layout 985:Src text UUid:1f7f452a-422d-4df0-a8f0-f00257645d5e
05-08 13:45:52 com_github_MitjaNemec_ReplicateLayout.replicate_layout 986:Dst text UUid:89c1414b-4f1d-45fa-8e77-4f74621b7f48
05-08 13:45:52 com_github_MitjaNemec_ReplicateLayout.replicate_layout 985:Src text UUid:3f08999b-d251-4140-85b4-ccfbc023ff2f
05-08 13:45:52 com_github_MitjaNemec_ReplicateLayout.replicate_layout 986:Dst text UUid:2fb4a240-4100-40fc-925e-1eba3a68a229
05-08 13:45:52 com_github_MitjaNemec_ReplicateLayout.replicate_layout 985:Src text UUid:7919bd01-ea36-485f-8aa0-d5c8d7c83097
05-08 13:45:52 com_github_MitjaNemec_ReplicateLayout.replicate_layout 986:Dst text UUid:9eda81e3-b4a3-4156-ab9d-1df6c82e5ec8
05-08 13:45:52 com_github_MitjaNemec_ReplicateLayout.replicate_layout 985:Src text UUid:9e09e8ba-64f7-4201-8893-9005608371d8
05-08 13:45:52 com_github_MitjaNemec_ReplicateLayout.replicate_layout 986:Dst text UUid:0d98f924-a843-4208-b864-2678a845d849
05-08 13:45:52 com_github_MitjaNemec_ReplicateLayout.replicate_layout 985:Src text UUid:7c8c9765-4116-4d53-b8e9-4ea589a59dcd
05-08 13:45:52 com_github_MitjaNemec_ReplicateLayout.replicate_layout 986:Dst text UUid:5494636d-ec51-4ed7-a01f-d90279abf93d
05-08 13:45:52 com_github_MitjaNemec_ReplicateLayout.replicate_layout 985:Src text UUid:1544216b-ac80-4095-8cf8-875def1a5552
05-08 13:45:52 com_github_MitjaNemec_ReplicateLayout.replicate_layout 986:Dst text UUid:28fc249c-eee2-4d53-afaf-c9e1eed00a45
05-08 13:45:52 com_github_MitjaNemec_ReplicateLayout.replicate_layout 985:Src text UUid:036ae52b-0a0f-4cb1-aaf2-1badbb6695d5
05-08 13:45:52 com_github_MitjaNemec_ReplicateLayout.replicate_layout 986:Dst text UUid:9a70817c-6ba2-413d-a11b-45c3783078dc
05-08 13:45:52 com_github_MitjaNemec_ReplicateLayout.replicate_layout 985:Src text UUid:c397d36c-eb6a-4307-b14e-46143483497e
05-08 13:45:52 com_github_MitjaNemec_ReplicateLayout.replicate_layout 986:Dst text UUid:e477321a-8248-412e-97ef-13fc210bc37c
05-08 13:45:52 com_github_MitjaNemec_ReplicateLayout.replicate_layout 985:Src text UUid:6fb8883e-76d5-4616-9d5f-bc392e5b6def
05-08 13:45:52 com_github_MitjaNemec_ReplicateLayout.replicate_layout 986:Dst text UUid:808131ca-c17e-480a-951e-4c5bb82685f0
05-08 13:45:52 com_github_MitjaNemec_ReplicateLayout.replicate_layout 985:Src text UUid:3cb18b8d-e9d4-479e-84f7-9123734745d3
05-08 13:45:52 com_github_MitjaNemec_ReplicateLayout.replicate_layout 986:Dst text UUid:1877cd02-2aac-4b02-8c75-ca1c308d16ac
05-08 13:45:52 com_github_MitjaNemec_ReplicateLayout.replicate_layout 985:Src text UUid:54473602-7ddd-44f0-b090-d67d6f59984b
05-08 13:45:52 com_github_MitjaNemec_ReplicateLayout.replicate_layout 986:Dst text UUid:62a40e37-e36f-4c69-b9df-ab2ac06497df
05-08 13:45:52 com_github_MitjaNemec_ReplicateLayout.replicate_layout 985:Src text UUid:193c6085-6d6e-4e76-8ad2-c6fd04115fa5
05-08 13:45:52 com_github_MitjaNemec_ReplicateLayout.replicate_layout 986:Dst text UUid:ab89f40c-327e-4231-a42b-aab593ee018a
05-08 13:45:52 com_github_MitjaNemec_ReplicateLayout.replicate_layout 985:Src text UUid:fcdba7f7-4de0-4d02-9d32-c3a82e9feb88
05-08 13:45:52 com_github_MitjaNemec_ReplicateLayout.replicate_layout 986:Dst text UUid:73093265-ed06-472c-9315-b0ef5d2e2be8
05-08 13:45:52 com_github_MitjaNemec_ReplicateLayout.replicate_layout 985:Src text UUid:e4b74eea-4e1c-4562-aae8-fa50ef840697
05-08 13:45:52 com_github_MitjaNemec_ReplicateLayout.replicate_layout 986:Dst text UUid:b911b01d-7fe2-4283-b05b-29451b04fb39
05-08 13:45:52 com_github_MitjaNemec_ReplicateLayout.replicate_layout 985:Src text UUid:9efc93c8-e3a8-41e5-8e62-a9c35ecc6e1f
05-08 13:45:52 com_github_MitjaNemec_ReplicateLayout.replicate_layout 986:Dst text UUid:c74c4832-7ba0-4a95-9da3-54bdc25f765e
05-08 13:45:52 com_github_MitjaNemec_ReplicateLayout.replicate_layout 985:Src text UUid:e70dea2e-303e-451f-a11e-56b9964ee89b
05-08 13:45:52 com_github_MitjaNemec_ReplicateLayout.replicate_layout 986:Dst text UUid:0b30e28d-4243-4723-b528-068337790ce5
05-08 13:45:52 com_github_MitjaNemec_ReplicateLayout.replicate_layout 985:Src text UUid:deba58ce-f200-40b6-bcac-9517d1c8d6ad
05-08 13:45:52 com_github_MitjaNemec_ReplicateLayout.replicate_layout 986:Dst text UUid:403c163a-ea12-41e2-8549-3acedf97399f
05-08 13:45:52 com_github_MitjaNemec_ReplicateLayout.replicate_layout 985:Src text UUid:5c85215c-475a-4c04-ab5d-7cee7cae1aed
05-08 13:45:52 com_github_MitjaNemec_ReplicateLayout.replicate_layout 986:Dst text UUid:dd5b9bf6-1124-4dbb-814e-ab245f34219c
05-08 13:45:52 com_github_MitjaNemec_ReplicateLayout.replicate_layout 985:Src text UUid:66abefdb-6abb-486b-b0e1-2de9eafeda06
05-08 13:45:52 com_github_MitjaNemec_ReplicateLayout.replicate_layout 986:Dst text UUid:d32f65cb-8681-4c95-b2f5-633a1d921685
05-08 13:45:52 com_github_MitjaNemec_ReplicateLayout.replicate_layout 985:Src text UUid:b4cbc930-5d69-4163-a556-8ddcacf9dd58
05-08 13:45:52 com_github_MitjaNemec_ReplicateLayout.replicate_layout 986:Dst text UUid:18742e85-9ca6-4aa6-8e5b-62a65db0da16
05-08 13:45:52 com_github_MitjaNemec_ReplicateLayout.replicate_layout 985:Src text UUid:ab9fb47a-4b5d-4b96-ad10-6a204c5c64ec
05-08 13:45:52 com_github_MitjaNemec_ReplicateLayout.replicate_layout 986:Dst text UUid:55b9d6c2-9bd0-4a4d-9a2c-47ebfebc189e
05-08 13:45:52 com_github_MitjaNemec_ReplicateLayout.replicate_layout 985:Src text UUid:de97acd8-db50-40b1-8285-80f97da65221
05-08 13:45:52 com_github_MitjaNemec_ReplicateLayout.replicate_layout 986:Dst text UUid:fc2f2bfd-a383-4010-a816-8227672ac86c
05-08 13:45:52 com_github_MitjaNemec_ReplicateLayout.replicate_layout 985:Src text UUid:dc6fce73-0b11-4a90-bd65-9a22193a9afa
05-08 13:45:52 com_github_MitjaNemec_ReplicateLayout.replicate_layout 986:Dst text UUid:76b2370b-9665-4a3a-a746-b2354ae09293
05-08 13:45:52 com_github_MitjaNemec_ReplicateLayout.replicate_layout 985:Src text UUid:7570d551-5cd9-41d3-ae76-d0e78ba13ea8
05-08 13:45:52 com_github_MitjaNemec_ReplicateLayout.replicate_layout 986:Dst text UUid:0cfbe607-f340-48de-8152-5fbd9c6e65ac
05-08 13:45:52 com_github_MitjaNemec_ReplicateLayout.replicate_layout 985:Src text UUid:dc8ff84b-1931-4348-8d23-4a19dfd6ff26
05-08 13:45:52 com_github_MitjaNemec_ReplicateLayout.replicate_layout 986:Dst text UUid:e85d9227-a17f-441b-a1d0-dfccb3f1b4df
05-08 13:45:52 com_github_MitjaNemec_ReplicateLayout.replicate_layout 985:Src text UUid:549d5ffc-d5ad-467a-8bad-591c7bdcbb0c
05-08 13:45:52 com_github_MitjaNemec_ReplicateLayout.replicate_layout 986:Dst text UUid:9467cbb0-3e6b-44f2-af2c-9550d0e56635
05-08 13:45:52 com_github_MitjaNemec_ReplicateLayout.replicate_layout 985:Src text UUid:eddb3196-52c1-4d24-b137-6a0443c15bb1
05-08 13:45:52 com_github_MitjaNemec_ReplicateLayout.replicate_layout 986:Dst text UUid:3a178887-d572-4afc-a522-fb0aa35955c1
05-08 13:45:52 com_github_MitjaNemec_ReplicateLayout.replicate_layout 868:Replicating footprints on sheet ['/homing_interface_Z/']
05-08 13:45:52 com_github_MitjaNemec_ReplicateLayout.replicate_layout 985:Src text UUid:63ac9b9e-6d62-4a94-9356-570c3536e2bb
05-08 13:45:52 com_github_MitjaNemec_ReplicateLayout.replicate_layout 986:Dst text UUid:d08f738d-64ee-41aa-a4e5-e6064a2d0dda
05-08 13:45:52 com_github_MitjaNemec_ReplicateLayout.replicate_layout 985:Src text UUid:81212f68-873f-4e95-a71d-8148d9b9cf2a
05-08 13:45:52 com_github_MitjaNemec_ReplicateLayout.replicate_layout 986:Dst text UUid:3ee1cf99-dddc-423d-9507-108eeb23d843
05-08 13:45:52 com_github_MitjaNemec_ReplicateLayout.replicate_layout 985:Src text UUid:73a9dc91-e8ca-49bf-8ea2-cfee94201431
05-08 13:45:52 com_github_MitjaNemec_ReplicateLayout.replicate_layout 986:Dst text UUid:472fdc15-f6b6-4737-9143-1ac8b21ed552
05-08 13:45:52 com_github_MitjaNemec_ReplicateLayout.replicate_layout 985:Src text UUid:91dd6530-d57e-48c5-bd5d-928df1569b83
05-08 13:45:52 com_github_MitjaNemec_ReplicateLayout.replicate_layout 986:Dst text UUid:22b1ba25-4578-49dc-916a-f95163912028
05-08 13:45:52 com_github_MitjaNemec_ReplicateLayout.replicate_layout 985:Src text UUid:8c3c0f88-702b-4a32-8608-b7891ee1da93
05-08 13:45:52 com_github_MitjaNemec_ReplicateLayout.replicate_layout 986:Dst text UUid:8e199edc-c304-4267-b279-cdbfdba1c89b
05-08 13:45:52 com_github_MitjaNemec_ReplicateLayout.replicate_layout 985:Src text UUid:3337cb4f-3ae4-4263-b91d-e220585d1dca
05-08 13:45:52 com_github_MitjaNemec_ReplicateLayout.replicate_layout 986:Dst text UUid:d4d21db4-4d1d-40cb-88a7-c7d472fd1c4c
05-08 13:45:52 com_github_MitjaNemec_ReplicateLayout.replicate_layout 985:Src text UUid:e66eb6ec-f31e-48d6-aa55-7296ce596e4b
05-08 13:45:52 com_github_MitjaNemec_ReplicateLayout.replicate_layout 986:Dst text UUid:5c71d462-1a2d-46c0-a734-d8810d1d799f
05-08 13:45:52 com_github_MitjaNemec_ReplicateLayout.replicate_layout 985:Src text UUid:c1bace30-d15a-4209-ab20-7482945bea6e
05-08 13:45:52 com_github_MitjaNemec_ReplicateLayout.replicate_layout 986:Dst text UUid:28dd0e4b-3c78-4827-8ad6-dde456509f38
05-08 13:45:52 com_github_MitjaNemec_ReplicateLayout.replicate_layout 985:Src text UUid:a22b73e7-af6a-4f31-935a-bf7bcfed1438
05-08 13:45:52 com_github_MitjaNemec_ReplicateLayout.replicate_layout 986:Dst text UUid:aabd6348-0012-49fe-96e9-b11414666ec2
05-08 13:45:52 root 345:updating GUI with: 81
05-08 13:45:52 com_github_MitjaNemec_ReplicateLayout.replicate_layout 985:Src text UUid:9d36fe04-d9b5-49fb-b46d-291c4b8fd0a9
05-08 13:45:52 com_github_MitjaNemec_ReplicateLayout.replicate_layout 986:Dst text UUid:e4cecf2e-bdf7-41f0-8887-5f26fa23230c
05-08 13:45:52 com_github_MitjaNemec_ReplicateLayout.replicate_layout 985:Src text UUid:f8831bde-758e-4430-97ef-250133472bc8
05-08 13:45:52 com_github_MitjaNemec_ReplicateLayout.replicate_layout 986:Dst text UUid:f6aff7f2-a15c-439a-8647-a2fb378a78fe
05-08 13:45:52 com_github_MitjaNemec_ReplicateLayout.replicate_layout 985:Src text UUid:66f22ce2-cba7-48dc-9972-08a14421c9d7
05-08 13:45:52 com_github_MitjaNemec_ReplicateLayout.replicate_layout 986:Dst text UUid:50fd312a-6fed-4fec-aab2-2364a6dea160
05-08 13:45:52 com_github_MitjaNemec_ReplicateLayout.replicate_layout 985:Src text UUid:1bf6a626-783f-4cee-ab8c-00e91d319cc0
05-08 13:45:52 com_github_MitjaNemec_ReplicateLayout.replicate_layout 986:Dst text UUid:ab316d59-4221-475d-a726-0c0a85a8472f
05-08 13:45:52 com_github_MitjaNemec_ReplicateLayout.replicate_layout 985:Src text UUid:f00e23f7-8f66-49c0-93f2-46e68201b89d
05-08 13:45:52 com_github_MitjaNemec_ReplicateLayout.replicate_layout 986:Dst text UUid:4d60f879-52e9-46eb-a503-9dd107d4ae98
05-08 13:45:52 com_github_MitjaNemec_ReplicateLayout.replicate_layout 985:Src text UUid:eaf585d0-aabb-45a3-8893-497125af8f0a
05-08 13:45:52 com_github_MitjaNemec_ReplicateLayout.replicate_layout 986:Dst text UUid:ea131d97-3f2b-4fec-bb74-9277179b2bce
05-08 13:45:52 com_github_MitjaNemec_ReplicateLayout.replicate_layout 985:Src text UUid:197d104b-1788-4308-b2f8-da74fead65de
05-08 13:45:52 com_github_MitjaNemec_ReplicateLayout.replicate_layout 986:Dst text UUid:c7d6784d-322d-4927-bade-e0290e94aab7
05-08 13:45:52 com_github_MitjaNemec_ReplicateLayout.replicate_layout 985:Src text UUid:a2652e61-3063-4e16-a75f-6aea7ff245fb
05-08 13:45:52 com_github_MitjaNemec_ReplicateLayout.replicate_layout 986:Dst text UUid:e85d8447-966a-49b8-8246-8a65316dcc14
05-08 13:45:52 com_github_MitjaNemec_ReplicateLayout.replicate_layout 985:Src text UUid:aade42a3-d28c-42db-bd46-e57edd3298f5
05-08 13:45:52 com_github_MitjaNemec_ReplicateLayout.replicate_layout 986:Dst text UUid:a418e745-df8d-4ab7-9a41-3f5b16ec5bb2
05-08 13:45:52 com_github_MitjaNemec_ReplicateLayout.replicate_layout 985:Src text UUid:1f7f452a-422d-4df0-a8f0-f00257645d5e
05-08 13:45:52 com_github_MitjaNemec_ReplicateLayout.replicate_layout 986:Dst text UUid:c1c7d509-d292-4abd-a060-097b764ef7a5
05-08 13:45:52 com_github_MitjaNemec_ReplicateLayout.replicate_layout 985:Src text UUid:3f08999b-d251-4140-85b4-ccfbc023ff2f
05-08 13:45:52 com_github_MitjaNemec_ReplicateLayout.replicate_layout 986:Dst text UUid:036d9d5b-eae1-40c5-8acb-3df81e6bf84b
05-08 13:45:52 com_github_MitjaNemec_ReplicateLayout.replicate_layout 985:Src text UUid:7919bd01-ea36-485f-8aa0-d5c8d7c83097
05-08 13:45:52 com_github_MitjaNemec_ReplicateLayout.replicate_layout 986:Dst text UUid:93668c03-7fb9-4a56-8740-46665cf5c302
05-08 13:45:52 com_github_MitjaNemec_ReplicateLayout.replicate_layout 985:Src text UUid:9e09e8ba-64f7-4201-8893-9005608371d8
05-08 13:45:52 com_github_MitjaNemec_ReplicateLayout.replicate_layout 986:Dst text UUid:15133898-5f85-48e9-a992-4df79237b624
05-08 13:45:52 com_github_MitjaNemec_ReplicateLayout.replicate_layout 985:Src text UUid:7c8c9765-4116-4d53-b8e9-4ea589a59dcd
05-08 13:45:52 com_github_MitjaNemec_ReplicateLayout.replicate_layout 986:Dst text UUid:3d84189a-e4c9-42f0-912d-04f1e7500ad9
05-08 13:45:52 com_github_MitjaNemec_ReplicateLayout.replicate_layout 985:Src text UUid:1544216b-ac80-4095-8cf8-875def1a5552
05-08 13:45:52 com_github_MitjaNemec_ReplicateLayout.replicate_layout 986:Dst text UUid:a18fedf6-b90b-4662-83fe-488b4ecf12c1
05-08 13:45:52 com_github_MitjaNemec_ReplicateLayout.replicate_layout 985:Src text UUid:036ae52b-0a0f-4cb1-aaf2-1badbb6695d5
05-08 13:45:52 com_github_MitjaNemec_ReplicateLayout.replicate_layout 986:Dst text UUid:a0e1f083-c2fa-4898-9ec6-64b349cf7efb
05-08 13:45:52 com_github_MitjaNemec_ReplicateLayout.replicate_layout 985:Src text UUid:c397d36c-eb6a-4307-b14e-46143483497e
05-08 13:45:52 com_github_MitjaNemec_ReplicateLayout.replicate_layout 986:Dst text UUid:c01a9738-6a1a-414a-b37c-d89a769702c5
05-08 13:45:52 com_github_MitjaNemec_ReplicateLayout.replicate_layout 985:Src text UUid:6fb8883e-76d5-4616-9d5f-bc392e5b6def
05-08 13:45:52 com_github_MitjaNemec_ReplicateLayout.replicate_layout 986:Dst text UUid:f37462ba-f8bb-4db4-9e7f-ec7d4da4b986
05-08 13:45:52 com_github_MitjaNemec_ReplicateLayout.replicate_layout 985:Src text UUid:3cb18b8d-e9d4-479e-84f7-9123734745d3
05-08 13:45:52 com_github_MitjaNemec_ReplicateLayout.replicate_layout 986:Dst text UUid:a1594781-ff5c-4da3-87a4-dd4e4c6016da
05-08 13:45:52 com_github_MitjaNemec_ReplicateLayout.replicate_layout 985:Src text UUid:54473602-7ddd-44f0-b090-d67d6f59984b
05-08 13:45:52 com_github_MitjaNemec_ReplicateLayout.replicate_layout 986:Dst text UUid:e217f2b7-b978-43ac-ae5f-a44d79151940
05-08 13:45:52 com_github_MitjaNemec_ReplicateLayout.replicate_layout 985:Src text UUid:193c6085-6d6e-4e76-8ad2-c6fd04115fa5
05-08 13:45:52 com_github_MitjaNemec_ReplicateLayout.replicate_layout 986:Dst text UUid:8b242f07-898e-409a-bd00-2aec9b33d375
05-08 13:45:52 com_github_MitjaNemec_ReplicateLayout.replicate_layout 985:Src text UUid:fcdba7f7-4de0-4d02-9d32-c3a82e9feb88
05-08 13:45:52 com_github_MitjaNemec_ReplicateLayout.replicate_layout 986:Dst text UUid:cef9aa51-db83-41cf-9cc5-51a27b7f1eeb
05-08 13:45:52 com_github_MitjaNemec_ReplicateLayout.replicate_layout 985:Src text UUid:e4b74eea-4e1c-4562-aae8-fa50ef840697
05-08 13:45:52 com_github_MitjaNemec_ReplicateLayout.replicate_layout 986:Dst text UUid:26b257d5-14e5-46d6-a28f-590e6edc2281
05-08 13:45:52 com_github_MitjaNemec_ReplicateLayout.replicate_layout 985:Src text UUid:9efc93c8-e3a8-41e5-8e62-a9c35ecc6e1f
05-08 13:45:52 com_github_MitjaNemec_ReplicateLayout.replicate_layout 986:Dst text UUid:e25e1b5b-193d-4802-adb5-3201042ff9ef
05-08 13:45:52 com_github_MitjaNemec_ReplicateLayout.replicate_layout 985:Src text UUid:e70dea2e-303e-451f-a11e-56b9964ee89b
05-08 13:45:52 com_github_MitjaNemec_ReplicateLayout.replicate_layout 986:Dst text UUid:f834d720-1a80-4aca-a0c1-c648ae61571d
05-08 13:45:52 com_github_MitjaNemec_ReplicateLayout.replicate_layout 985:Src text UUid:deba58ce-f200-40b6-bcac-9517d1c8d6ad
05-08 13:45:52 com_github_MitjaNemec_ReplicateLayout.replicate_layout 986:Dst text UUid:fc491bab-8a13-48ae-9b3b-c3f68e76631c
05-08 13:45:52 com_github_MitjaNemec_ReplicateLayout.replicate_layout 985:Src text UUid:5c85215c-475a-4c04-ab5d-7cee7cae1aed
05-08 13:45:52 com_github_MitjaNemec_ReplicateLayout.replicate_layout 986:Dst text UUid:65b13754-ca2b-46ab-9ad9-061756732728
05-08 13:45:52 com_github_MitjaNemec_ReplicateLayout.replicate_layout 985:Src text UUid:66abefdb-6abb-486b-b0e1-2de9eafeda06
05-08 13:45:52 com_github_MitjaNemec_ReplicateLayout.replicate_layout 986:Dst text UUid:7a97948e-0b3e-482e-9d9e-739c97a331ab
05-08 13:45:52 com_github_MitjaNemec_ReplicateLayout.replicate_layout 985:Src text UUid:b4cbc930-5d69-4163-a556-8ddcacf9dd58
05-08 13:45:52 com_github_MitjaNemec_ReplicateLayout.replicate_layout 986:Dst text UUid:37640a4b-a5a9-4d78-ad31-7eb5dd5812f6
05-08 13:45:52 com_github_MitjaNemec_ReplicateLayout.replicate_layout 985:Src text UUid:ab9fb47a-4b5d-4b96-ad10-6a204c5c64ec
05-08 13:45:52 com_github_MitjaNemec_ReplicateLayout.replicate_layout 986:Dst text UUid:ae1148dd-1273-46f8-ad20-7fdfaca34432
05-08 13:45:52 com_github_MitjaNemec_ReplicateLayout.replicate_layout 985:Src text UUid:de97acd8-db50-40b1-8285-80f97da65221
05-08 13:45:52 com_github_MitjaNemec_ReplicateLayout.replicate_layout 986:Dst text UUid:1a919bb5-cf71-4e5b-b0d0-af2eee355ff4
05-08 13:45:52 com_github_MitjaNemec_ReplicateLayout.replicate_layout 985:Src text UUid:dc6fce73-0b11-4a90-bd65-9a22193a9afa
05-08 13:45:52 com_github_MitjaNemec_ReplicateLayout.replicate_layout 986:Dst text UUid:f8de8430-ca13-4f2a-9d94-b9414060b8ef
05-08 13:45:52 com_github_MitjaNemec_ReplicateLayout.replicate_layout 985:Src text UUid:7570d551-5cd9-41d3-ae76-d0e78ba13ea8
05-08 13:45:52 com_github_MitjaNemec_ReplicateLayout.replicate_layout 986:Dst text UUid:d748b792-06fa-4cd4-a5b4-56c1a23ae66e
05-08 13:45:52 com_github_MitjaNemec_ReplicateLayout.replicate_layout 985:Src text UUid:dc8ff84b-1931-4348-8d23-4a19dfd6ff26
05-08 13:45:52 com_github_MitjaNemec_ReplicateLayout.replicate_layout 986:Dst text UUid:f3803d2a-305e-4404-91b4-390f545b380a
05-08 13:45:52 com_github_MitjaNemec_ReplicateLayout.replicate_layout 985:Src text UUid:549d5ffc-d5ad-467a-8bad-591c7bdcbb0c
05-08 13:45:52 com_github_MitjaNemec_ReplicateLayout.replicate_layout 986:Dst text UUid:495dbd31-0b46-4f7b-9bcd-40e494ab73f1
05-08 13:45:52 com_github_MitjaNemec_ReplicateLayout.replicate_layout 985:Src text UUid:eddb3196-52c1-4d24-b137-6a0443c15bb1
05-08 13:45:52 com_github_MitjaNemec_ReplicateLayout.replicate_layout 986:Dst text UUid:ae51105e-c878-47dc-afe8-98e2786abf68
05-08 13:45:52 com_github_MitjaNemec_ReplicateLayout.replicate_layout 328:Removing tracks and zones, after footprint placement
05-08 13:45:52 root 340:updating GUI message: 'Removing zones and tracks'
05-08 13:45:52 com_github_MitjaNemec_ReplicateLayout.replicate_layout 1277:Remove bounding box top:33412661, bottom:83482661, Left:163715434, Right:190250434
05-08 13:45:52 root 345:updating GUI with: 25
05-08 13:45:52 com_github_MitjaNemec_ReplicateLayout.replicate_layout 1277:Remove bounding box top:33412661, bottom:83482661, Left:191715435, Right:218250435
05-08 13:45:52 root 345:updating GUI with: 50
05-08 13:45:52 com_github_MitjaNemec_ReplicateLayout.replicate_layout 1277:Remove bounding box top:33412661, bottom:83482661, Left:107715435, Right:134250435
05-08 13:45:52 root 345:updating GUI with: 75
05-08 13:45:52 com_github_MitjaNemec_ReplicateLayout.replicate_layout 1277:Remove bounding box top:33412661, bottom:83482661, Left:135715434, Right:162250434
05-08 13:45:52 root 340:updating GUI message: 'Replicating tracks'
05-08 13:45:52 root 345:updating GUI with: 0
05-08 13:45:52 com_github_MitjaNemec_ReplicateLayout.replicate_layout 1009:Replicating tracks
05-08 13:45:52 com_github_MitjaNemec_ReplicateLayout.replicate_layout 1015:Replicating tracks on sheet ['/homing_interface_A/']
05-08 13:45:52 com_github_MitjaNemec_ReplicateLayout.replicate_layout 792:Net pairs for sheet ['/homing_interface_A/'] :[('Net-(R23-Pad1)', 'Net-(R35-Pad1)'), ('+24V', '+24V'), ('Net-(R22-Pad1)', 'Net-(R34-Pad1)'), ('unconnected-(J9-Pad3)', 'unconnected-(J17-Pad3)'), ('unconnected-(J9-Pad1)', 'unconnected-(J17-Pad1)'), ('unconnected-(U15-Pad6)', 'unconnected-(U21-Pad6)'), ('unconnected-(U14-NC-Pad3)', 'unconnected-(U20-NC-Pad3)'), ('/homing_interface_X/LIM_MIN', '/homing_interface_A/LIM_MIN'), ('/homing_interface_X/LIM_MAX_IN', '/homing_interface_A/LIM_MAX_IN'), ('/homing_interface_X/LIM_MIN_IN', '/homing_interface_A/LIM_MIN_IN'), ('Net-(C18-Pad2)', 'Net-(C24-Pad2)'), ('GND', 'GND'), ('unconnected-(J9-Pad4)', 'unconnected-(J17-Pad4)'), ('+5V', '+5V'), ('/homing_interface_X/LIM_MAX', '/homing_interface_A/LIM_MAX'), ('unconnected-(U15-NC-Pad3)', 'unconnected-(U21-NC-Pad3)'), ('', ''), ('unconnected-(U14-Pad6)', 'unconnected-(U20-Pad6)'), ('unconnected-(C19-Pad2)', 'unconnected-(C25-Pad2)')]
05-08 13:45:52 com_github_MitjaNemec_ReplicateLayout.replicate_layout 1015:Replicating tracks on sheet ['/homing_interface_B/']
05-08 13:45:52 com_github_MitjaNemec_ReplicateLayout.replicate_layout 792:Net pairs for sheet ['/homing_interface_B/'] :[('unconnected-(J9-Pad4)', 'unconnected-(J21-Pad4)'), ('+24V', '+24V'), ('Net-(R23-Pad1)', 'Net-(R43-Pad1)'), ('/homing_interface_X/LIM_MAX', '/homing_interface_B/LIM_MAX'), ('/homing_interface_X/LIM_MIN', '/homing_interface_B/LIM_MIN'), ('unconnected-(C19-Pad2)', 'unconnected-(C27-Pad2)'), ('unconnected-(J9-Pad1)', 'unconnected-(J21-Pad1)'), ('unconnected-(U14-NC-Pad3)', 'unconnected-(U23-NC-Pad3)'), ('/homing_interface_X/LIM_MAX_IN', '/homing_interface_B/LIM_MAX_IN'), ('GND', 'GND'), ('+5V', '+5V'), ('Net-(C18-Pad2)', 'Net-(C26-Pad2)'), ('Net-(R22-Pad1)', 'Net-(R42-Pad1)'), ('/homing_interface_X/LIM_MIN_IN', '/homing_interface_B/LIM_MIN_IN'), ('unconnected-(J9-Pad3)', 'unconnected-(J21-Pad3)'), ('', ''), ('unconnected-(U15-NC-Pad3)', 'unconnected-(U24-NC-Pad3)'), ('unconnected-(U15-Pad6)', 'unconnected-(U24-Pad6)'), ('unconnected-(U14-Pad6)', 'unconnected-(U23-Pad6)')]
05-08 13:45:52 root 345:updating GUI with: 25
05-08 13:45:52 com_github_MitjaNemec_ReplicateLayout.replicate_layout 1015:Replicating tracks on sheet ['/homing_interface_Y/']
05-08 13:45:52 com_github_MitjaNemec_ReplicateLayout.replicate_layout 792:Net pairs for sheet ['/homing_interface_Y/'] :[('+24V', '+24V'), ('unconnected-(C19-Pad2)', 'unconnected-(C21-Pad2)'), ('unconnected-(J9-Pad3)', 'unconnected-(J11-Pad3)'), ('unconnected-(J9-Pad4)', 'unconnected-(J11-Pad4)'), ('Net-(R22-Pad1)', 'Net-(R26-Pad1)'), ('Net-(R23-Pad1)', 'Net-(R27-Pad1)'), ('unconnected-(U15-NC-Pad3)', 'unconnected-(U17-NC-Pad3)'), ('/homing_interface_X/LIM_MIN', '/homing_interface_Y/LIM_MIN'), ('GND', 'GND'), ('unconnected-(U14-NC-Pad3)', 'unconnected-(U16-NC-Pad3)'), ('Net-(C18-Pad2)', 'Net-(C20-Pad2)'), ('+5V', '+5V'), ('unconnected-(U14-Pad6)', 'unconnected-(U16-Pad6)'), ('/homing_interface_X/LIM_MAX', '/homing_interface_Y/LIM_MAX'), ('/homing_interface_X/LIM_MIN_IN', '/homing_interface_Y/LIM_MIN_IN'), ('', ''), ('unconnected-(U15-Pad6)', 'unconnected-(U17-Pad6)'), ('/homing_interface_X/LIM_MAX_IN', '/homing_interface_Y/LIM_MAX_IN'), ('unconnected-(J9-Pad1)', 'unconnected-(J11-Pad1)')]
05-08 13:45:52 com_github_MitjaNemec_ReplicateLayout.replicate_layout 1015:Replicating tracks on sheet ['/homing_interface_Z/']
05-08 13:45:52 com_github_MitjaNemec_ReplicateLayout.replicate_layout 792:Net pairs for sheet ['/homing_interface_Z/'] :[('unconnected-(U14-NC-Pad3)', 'unconnected-(U18-NC-Pad3)'), ('unconnected-(J9-Pad4)', 'unconnected-(J13-Pad4)'), ('unconnected-(J9-Pad3)', 'unconnected-(J13-Pad3)'), ('unconnected-(J9-Pad1)', 'unconnected-(J13-Pad1)'), ('+24V', '+24V'), ('unconnected-(C19-Pad2)', 'unconnected-(C23-Pad2)'), ('unconnected-(U15-NC-Pad3)', 'unconnected-(U19-NC-Pad3)'), ('Net-(C18-Pad2)', 'Net-(C22-Pad2)'), ('Net-(R23-Pad1)', 'Net-(R31-Pad1)'), ('unconnected-(U15-Pad6)', 'unconnected-(U19-Pad6)'), ('Net-(R22-Pad1)', 'Net-(R30-Pad1)'), ('GND', 'GND'), ('/homing_interface_X/LIM_MAX', '/homing_interface_Z/LIM_MAX'), ('/homing_interface_X/LIM_MAX_IN', '/homing_interface_Z/LIM_MAX_IN'), ('+5V', '+5V'), ('unconnected-(U14-Pad6)', 'unconnected-(U18-Pad6)'), ('/homing_interface_X/LIM_MIN', '/homing_interface_Z/LIM_MIN'), ('', ''), ('/homing_interface_X/LIM_MIN_IN', '/homing_interface_Z/LIM_MIN_IN')]
05-08 13:45:52 root 345:updating GUI with: 75
05-08 13:45:52 root 340:updating GUI message: 'Replicating zones'
05-08 13:45:52 com_github_MitjaNemec_ReplicateLayout.replicate_layout 1079:Replicating zones
05-08 13:45:52 com_github_MitjaNemec_ReplicateLayout.replicate_layout 1086:Replicating zones on sheet ['/homing_interface_A/']
05-08 13:45:52 com_github_MitjaNemec_ReplicateLayout.replicate_layout 792:Net pairs for sheet ['/homing_interface_A/'] :[('Net-(R23-Pad1)', 'Net-(R35-Pad1)'), ('+24V', '+24V'), ('Net-(R22-Pad1)', 'Net-(R34-Pad1)'), ('unconnected-(J9-Pad3)', 'unconnected-(J17-Pad3)'), ('unconnected-(J9-Pad1)', 'unconnected-(J17-Pad1)'), ('unconnected-(U15-Pad6)', 'unconnected-(U21-Pad6)'), ('unconnected-(U14-NC-Pad3)', 'unconnected-(U20-NC-Pad3)'), ('/homing_interface_X/LIM_MIN', '/homing_interface_A/LIM_MIN'), ('/homing_interface_X/LIM_MAX_IN', '/homing_interface_A/LIM_MAX_IN'), ('/homing_interface_X/LIM_MIN_IN', '/homing_interface_A/LIM_MIN_IN'), ('Net-(C18-Pad2)', 'Net-(C24-Pad2)'), ('GND', 'GND'), ('unconnected-(J9-Pad4)', 'unconnected-(J17-Pad4)'), ('+5V', '+5V'), ('/homing_interface_X/LIM_MAX', '/homing_interface_A/LIM_MAX'), ('unconnected-(U15-NC-Pad3)', 'unconnected-(U21-NC-Pad3)'), ('', ''), ('unconnected-(U14-Pad6)', 'unconnected-(U20-Pad6)'), ('unconnected-(C19-Pad2)', 'unconnected-(C25-Pad2)')]
05-08 13:45:52 com_github_MitjaNemec_ReplicateLayout.replicate_layout 1086:Replicating zones on sheet ['/homing_interface_B/']
05-08 13:45:52 com_github_MitjaNemec_ReplicateLayout.replicate_layout 792:Net pairs for sheet ['/homing_interface_B/'] :[('unconnected-(J9-Pad4)', 'unconnected-(J21-Pad4)'), ('+24V', '+24V'), ('Net-(R23-Pad1)', 'Net-(R43-Pad1)'), ('/homing_interface_X/LIM_MAX', '/homing_interface_B/LIM_MAX'), ('/homing_interface_X/LIM_MIN', '/homing_interface_B/LIM_MIN'), ('unconnected-(C19-Pad2)', 'unconnected-(C27-Pad2)'), ('unconnected-(J9-Pad1)', 'unconnected-(J21-Pad1)'), ('unconnected-(U14-NC-Pad3)', 'unconnected-(U23-NC-Pad3)'), ('/homing_interface_X/LIM_MAX_IN', '/homing_interface_B/LIM_MAX_IN'), ('GND', 'GND'), ('+5V', '+5V'), ('Net-(C18-Pad2)', 'Net-(C26-Pad2)'), ('Net-(R22-Pad1)', 'Net-(R42-Pad1)'), ('/homing_interface_X/LIM_MIN_IN', '/homing_interface_B/LIM_MIN_IN'), ('unconnected-(J9-Pad3)', 'unconnected-(J21-Pad3)'), ('', ''), ('unconnected-(U15-NC-Pad3)', 'unconnected-(U24-NC-Pad3)'), ('unconnected-(U15-Pad6)', 'unconnected-(U24-Pad6)'), ('unconnected-(U14-Pad6)', 'unconnected-(U23-Pad6)')]
05-08 13:45:52 root 345:updating GUI with: 50
05-08 13:45:52 com_github_MitjaNemec_ReplicateLayout.replicate_layout 1086:Replicating zones on sheet ['/homing_interface_Y/']
05-08 13:45:52 com_github_MitjaNemec_ReplicateLayout.replicate_layout 792:Net pairs for sheet ['/homing_interface_Y/'] :[('+24V', '+24V'), ('unconnected-(C19-Pad2)', 'unconnected-(C21-Pad2)'), ('unconnected-(J9-Pad3)', 'unconnected-(J11-Pad3)'), ('unconnected-(J9-Pad4)', 'unconnected-(J11-Pad4)'), ('Net-(R22-Pad1)', 'Net-(R26-Pad1)'), ('Net-(R23-Pad1)', 'Net-(R27-Pad1)'), ('unconnected-(U15-NC-Pad3)', 'unconnected-(U17-NC-Pad3)'), ('/homing_interface_X/LIM_MIN', '/homing_interface_Y/LIM_MIN'), ('GND', 'GND'), ('unconnected-(U14-NC-Pad3)', 'unconnected-(U16-NC-Pad3)'), ('Net-(C18-Pad2)', 'Net-(C20-Pad2)'), ('+5V', '+5V'), ('unconnected-(U14-Pad6)', 'unconnected-(U16-Pad6)'), ('/homing_interface_X/LIM_MAX', '/homing_interface_Y/LIM_MAX'), ('/homing_interface_X/LIM_MIN_IN', '/homing_interface_Y/LIM_MIN_IN'), ('', ''), ('unconnected-(U15-Pad6)', 'unconnected-(U17-Pad6)'), ('/homing_interface_X/LIM_MAX_IN', '/homing_interface_Y/LIM_MAX_IN'), ('unconnected-(J9-Pad1)', 'unconnected-(J11-Pad1)')]
05-08 13:45:52 com_github_MitjaNemec_ReplicateLayout.replicate_layout 1086:Replicating zones on sheet ['/homing_interface_Z/']
05-08 13:45:52 com_github_MitjaNemec_ReplicateLayout.replicate_layout 792:Net pairs for sheet ['/homing_interface_Z/'] :[('unconnected-(U14-NC-Pad3)', 'unconnected-(U18-NC-Pad3)'), ('unconnected-(J9-Pad4)', 'unconnected-(J13-Pad4)'), ('unconnected-(J9-Pad3)', 'unconnected-(J13-Pad3)'), ('unconnected-(J9-Pad1)', 'unconnected-(J13-Pad1)'), ('+24V', '+24V'), ('unconnected-(C19-Pad2)', 'unconnected-(C23-Pad2)'), ('unconnected-(U15-NC-Pad3)', 'unconnected-(U19-NC-Pad3)'), ('Net-(C18-Pad2)', 'Net-(C22-Pad2)'), ('Net-(R23-Pad1)', 'Net-(R31-Pad1)'), ('unconnected-(U15-Pad6)', 'unconnected-(U19-Pad6)'), ('Net-(R22-Pad1)', 'Net-(R30-Pad1)'), ('GND', 'GND'), ('/homing_interface_X/LIM_MAX', '/homing_interface_Z/LIM_MAX'), ('/homing_interface_X/LIM_MAX_IN', '/homing_interface_Z/LIM_MAX_IN'), ('+5V', '+5V'), ('unconnected-(U14-Pad6)', 'unconnected-(U18-Pad6)'), ('/homing_interface_X/LIM_MIN', '/homing_interface_Z/LIM_MIN'), ('', ''), ('/homing_interface_X/LIM_MIN_IN', '/homing_interface_Z/LIM_MIN_IN')]
05-08 13:45:52 root 340:updating GUI message: 'Replicating text'
05-08 13:45:52 com_github_MitjaNemec_ReplicateLayout.replicate_layout 1168:Replicating text
05-08 13:45:52 root 345:updating GUI with: 0
05-08 13:45:52 com_github_MitjaNemec_ReplicateLayout.replicate_layout 1175:Replicating text on sheet ['/homing_interface_A/']
05-08 13:45:52 com_github_MitjaNemec_ReplicateLayout.replicate_layout 1175:Replicating text on sheet ['/homing_interface_B/']
05-08 13:45:52 com_github_MitjaNemec_ReplicateLayout.replicate_layout 1175:Replicating text on sheet ['/homing_interface_Y/']
05-08 13:45:52 com_github_MitjaNemec_ReplicateLayout.replicate_layout 1175:Replicating text on sheet ['/homing_interface_Z/']
05-08 13:45:52 root 340:updating GUI message: 'Replicating drawings'
05-08 13:45:52 com_github_MitjaNemec_ReplicateLayout.replicate_layout 1219:Replicating drawings
05-08 13:45:52 com_github_MitjaNemec_ReplicateLayout.replicate_layout 1225:Replicating drawings on sheet ['/homing_interface_A/']
05-08 13:45:52 com_github_MitjaNemec_ReplicateLayout.replicate_layout 1225:Replicating drawings on sheet ['/homing_interface_B/']
05-08 13:45:52 com_github_MitjaNemec_ReplicateLayout.replicate_layout 1225:Replicating drawings on sheet ['/homing_interface_Y/']
05-08 13:45:52 com_github_MitjaNemec_ReplicateLayout.replicate_layout 1225:Replicating drawings on sheet ['/homing_interface_Z/']
05-08 13:45:53 com_github_MitjaNemec_ReplicateLayout.action_replicate_layout 264:Replication complete
